
Gurobi 9.0.2 (linux64, Python) logging started Wed Jun 17 19:32:59 2020

Using license file /share/apps/gurobi/9.0.2/gurobi_client.lic
Set parameter TokenServer to value 10.1.1.1
Set parameter LogFile to value Gpy_s21.log
Changed value of parameter TimeLimit to 3600.0
   Prev: inf  Min: 0.0  Max: inf  Default: inf
Gurobi Optimizer version 9.0.2 build v9.0.2rc0 (linux64)
Optimize a model with 4085 rows, 284152 columns and 1193264 nonzeros
Model fingerprint: 0x8f60bc89
Variable types: 0 continuous, 284152 integer (284152 binary)
Coefficient statistics:
  Matrix range     [1e+00, 3e+01]
  Objective range  [8e+01, 1e+04]
  Bounds range     [1e+00, 1e+00]
  RHS range        [1e+00, 1e+02]
Found heuristic solution: objective 26261.869723
Presolve removed 322 rows and 94998 columns
Presolve time: 2.52s
Presolved: 3763 rows, 189154 columns, 916274 nonzeros
Found heuristic solution: objective 23625.196977
Variable types: 0 continuous, 189154 integer (189154 binary)

Root simplex log...

Iteration    Objective       Primal Inf.    Dual Inf.      Time
    3357    3.1994356e+03   1.303646e+02   0.000000e+00      5s
    7837    3.4130137e+03   4.213636e+01   0.000000e+00     10s
   11517    3.6603311e+03   2.238939e+00   0.000000e+00     15s
   14457    3.8179798e+03   7.070247e+01   0.000000e+00     20s
   16104    3.9191075e+03   0.000000e+00   0.000000e+00     23s

Root relaxation: objective 3.919108e+03, 16104 iterations, 20.33 seconds

    Nodes    |    Current Node    |     Objective Bounds      |     Work
 Expl Unexpl |  Obj  Depth IntInf | Incumbent    BestBd   Gap | It/Node Time

     0     0 3919.10755    0  113 23625.1970 3919.10755  83.4%     -   24s
     0     0 3922.79512    0  133 23625.1970 3922.79512  83.4%     -   33s
     0     0 3924.40137    0  150 23625.1970 3924.40137  83.4%     -   42s
     0     0 3926.85356    0  150 23625.1970 3926.85356  83.4%     -   49s
     0     0 3926.85356    0  166 23625.1970 3926.85356  83.4%     -   52s
     0     0 3926.85356    0  182 23625.1970 3926.85356  83.4%     -   56s
     0     0 3926.85356    0  182 23625.1970 3926.85356  83.4%     -   61s
     0     2 3926.85356    0  182 23625.1970 3926.85356  83.4%     -   66s
     1     4 3926.85356    1  208 23625.1970 3926.85356  83.4%   126   84s
     3     8 3929.54656    2  176 23625.1970 3929.54656  83.4%  2095   94s
H    4     8                    12339.474425 3930.49064  68.1%  1571   94s
H    5     8                    12256.297800 3930.49064  67.9%  1287   94s
H    6     8                    12089.689585 3930.49064  67.5%  2176   94s
     7    10 3930.49064    3  173 12089.6896 3930.49064  67.5%  2439   98s
    15    16 3933.38998    4  173 12089.6896 3933.38998  67.5%  1700  103s
    25    24 3936.72450    5  173 12089.6896 3936.72450  67.4%  1512  107s
    41    34 3940.47722    6  181 12089.6896 3940.47722  67.4%  1211  143s
H   43    34                    12006.512960 3940.47784  67.2%  1156  143s
H   57    34                    11997.347379 3940.47784  67.2%  1016  144s
    61    37 3941.77480    7  173 11997.3474 3941.77480  67.1%   991  145s
    81    44 3942.35821    8  173 11997.3474 3942.35821  67.1%   870  151s
   130    75 3946.22698   10  181 11997.3474 3943.90444  67.1%   728  156s
*  181    89              13    11931.386124 3943.90444  66.9%   600  158s
   193    94 3949.83188   13  181 11931.3861 3943.90444  66.9%   605  160s
*  236   105              15    11915.774529 3943.90444  66.9%   555  163s
   258   122 3950.20231   15  176 11915.7745 3943.90444  66.9%   543  169s
   299   131 3954.46454   17  176 11915.7745 3943.90444  66.9%   536  171s
H  301   131                    11914.170754 3943.90444  66.9%   533  171s
   335   151 3954.85740   18  182 11914.1708 3943.90444  66.9%   546  175s
   441   216 3957.05052   20  179 11914.1708 3943.90444  66.9%   511  186s
   596   294 3960.06043   22  208 11914.1708 3943.90444  66.9%   430  194s
   674   324 3960.29839   23  209 11914.1708 3943.90444  66.9%   402  196s
   744   348 3960.39048   24  195 11914.1708 3943.90444  66.9%   384  207s
   894   418 3963.98199   26  181 11914.1708 3943.90444  66.9%   367  213s
   962   479 3964.22632   27  175 11914.1708 3943.90444  66.9%   358  217s
H 1052   496                    11890.558998 3943.90444  66.8%   348  268s
H 1057   496                    11890.558318 3943.90444  66.8%   347  268s
  1074   537 3966.69740   30  183 11890.5583 3943.90444  66.8%   351  273s
  1136   649 3967.25398   31  176 11890.5583 3943.90444  66.8%   336  276s
  1299   743 3967.44442   32  183 11890.5583 3943.90444  66.8%   305  280s
  1597   960 3967.72189   35  176 11890.5583 3943.90444  66.8%   274  287s
  1744  1084 3968.17418   37  176 11890.5583 3943.90444  66.8%   268  291s
  1892  1187 3968.68900   38  181 11890.5583 3943.90444  66.8%   256  295s
  2266  1365 3969.60266   41  185 11890.5583 3943.90444  66.8%   239  307s
  2431  1366 11805.3597   48  182 11890.5583 3943.90444  66.8%   244  387s
  2433  1367 11805.8989  130  113 11890.5583 3943.90444  66.8%   243  423s
  2434  1368 11685.0673   53  135 11890.5583 3943.90444  66.8%   243  435s
  2435  1369 10870.0977   54  149 11890.5583 3943.90444  66.8%   243  449s
  2436  1369 11755.4354   71  148 11890.5583 3943.90444  66.8%   243  454s
  2438  1371 11328.0643   19  148 11890.5583 3943.90444  66.8%   243  462s
  2439  1372 3943.90444   13  174 11890.5583 3943.90444  66.8%   250  493s
  2441  1372 3943.90444   14  142 11890.5583 3943.90444  66.8%   251  510s
  2443  1371 3943.90444   15  140 11890.5583 3943.90444  66.8%   252  515s
  2445  1370 3943.90444   16  140 11890.5583 3943.90444  66.8%   252  520s
  2447  1370 3943.90444   17  173 11890.5583 3943.90444  66.8%   254  536s
  2449  1369 3943.90444   18  182 11890.5583 3943.90444  66.8%   255  557s
  2451  1368 3943.90444   19  188 11890.5583 3943.90444  66.8%   256  570s
  2453  1368 3943.90444   20  150 11890.5583 3943.90444  66.8%   257  584s
  2455  1369 3943.90444   21  150 11890.5583 3943.90444  66.8%   258  602s
  2457  1372 3943.90444   22  147 11890.5583 3943.90444  66.8%   261  621s
  2461  1374 3944.88281   23  147 11890.5583 3943.90444  66.8%   265  629s
  2469  1375 3944.97002   24  147 11890.5583 3944.97002  66.8%   267  653s
H 2472  1305                    11890.558270 3945.08994  66.8%   267  653s
H 2475  1239                    11890.558151 3945.08994  66.8%   271  653s
  2480  1239 3948.28256   25  147 11890.5582 3947.23164  66.8%   272  657s
  2495  1240 3949.90595   26  147 11890.5582 3949.90595  66.8%   275  664s
  2511  1235 3950.33185   27  147 11890.5582 3950.33185  66.8%   279  752s
H 2512  1173                    11890.558110 3950.39038  66.8%   279  752s
  2531  1173 3952.13235   28  141 11890.5581 3952.13235  66.8%   284  757s
  2551  1173 3954.39720   29  147 11890.5581 3954.39720  66.7%   288  762s
  2579  1175 3954.39740   30  147 11890.5581 3954.39740  66.7%   287  771s
  2610  1168     cutoff   30      11890.5581 3955.06915  66.7%   289  775s
  2642  1174 4729.59180   31  116 11890.5581 4049.18197  65.9%   290  787s
  2684  1177     cutoff   31      11890.5581 4732.09781  60.2%   291  791s
  2728  1190 4733.19870   32  114 11890.5581 4733.19870  60.2%   290  797s
  2777  1201     cutoff   32      11890.5581 4734.85288  60.2%   291  801s
  2837  1224 4736.25375   33  124 11890.5581 4736.25375  60.2%   290  806s
  2901  1241     cutoff   33      11890.5581 4736.25992  60.2%   290  811s
  2975  1261 4736.89438   34  132 11890.5581 4736.31160  60.2%   289  817s
  3064  1303     cutoff   34      11890.5581 4736.99509  60.2%   290  825s
  3159  1367 4738.77182   35  132 11890.5581 4738.77182  60.1%   287  831s
  3269  1443     cutoff   35      11890.5581 4738.77469  60.1%   282  836s
  3406  1524 4739.80015   36  134 11890.5581 4739.80015  60.1%   274  843s
  3554  1619 4740.34539   37  134 11890.5581 4739.91085  60.1%   265  846s
  3725  1660 4764.38874   37  102 11890.5581 4740.34539  60.1%   257  854s
  3870  1727 4746.72609   38  136 11890.5581 4740.34539  60.1%   252  860s
  4029  1871 4755.01667   38  111 11890.5581 4746.73718  60.1%   246  867s
  4272  1876 4747.19786   39  136 11890.5581 4747.19786  60.1%   236  874s
  4396  2013 4747.88423   40  141 11890.5581 4747.88423  60.1%   234  877s
  4623  2103 11715.9704   40   85 11890.5581 4747.90224  60.1%   230  886s
  4861  2225 4748.79176   41  118 11890.5581 4748.04536  60.1%   225  891s
  5134  2303     cutoff   41      11890.5581 4750.06517  60.1%   220  896s
  5361  2451 4750.06517   42  121 11890.5581 4750.06517  60.1%   215  915s
  5700  2480 4751.53565   43  118 11890.5581 4751.53565  60.0%   211  921s
  5974  2592     cutoff   43      11890.5581 4751.64772  60.0%   208  926s
  6313  2723     cutoff   44      11890.5581 4751.95868  60.0%   206  934s
  6538  2849     cutoff   45      11890.5581 4751.95868  60.0%   205  939s
  6783  2964 4772.08383   46  113 11890.5581 4751.95868  60.0%   205  948s
  6985  3072 4761.81342   46  108 11890.5581 4755.01667  60.0%   206  957s
  7175  3211 4762.81807   47   88 11890.5581 4755.01667  60.0%   208  962s
  7349  3460 4762.89187   47  105 11890.5581 4755.01667  60.0%   209  968s
  7645  3627 4763.43181   48   86 11890.5581 4755.01667  60.0%   207  974s
  7885  3867 5936.45970   49   34 11890.5581 4755.01667  60.0%   206  988s
  8216  4161 4763.51848   50   95 11890.5581 4755.01667  60.0%   202  994s
  8626  4356 5709.49645   50   47 11890.5581 4755.01667  60.0%   200 1008s
  8910  4611 4770.95000   51   97 11890.5581 4755.01667  60.0%   200 1014s
  9286  4902 4771.03906   52   97 11890.5581 4755.01667  60.0%   199 1031s
  9704  5007     cutoff   53      11890.5581 4755.01667  60.0%   197 1044s
  9923  5092 4774.22639   55   97 11890.5581 4755.01667  60.0%   200 1055s
 10151  5285 4775.20940   56   97 11890.5581 4755.01667  60.0%   203 1070s
 10504  5399 4775.74607   58   97 11890.5581 4755.01667  60.0%   206 1080s
 10755  5442 4776.99283   61   97 11890.5581 4755.01667  60.0%   208 1089s
 10891  5581     cutoff   62      11890.5581 4755.01667  60.0%   213 1100s
 11154  5635 4782.04442   64   97 11890.5581 4755.01667  60.0%   215 1114s
 11337  5640 4786.90968   67   99 11890.5581 4755.01667  60.0%   218 1124s
 11470  5665     cutoff   69      11890.5581 4755.01667  60.0%   222 1138s
 11622  5735 4793.65694   72   99 11890.5581 4755.01667  60.0%   225 1149s
 11794  5783 4794.64742   74  116 11890.5581 4755.01667  60.0%   230 1216s
H11812  5783                    11890.558030 4755.01667  60.0%   230 1216s
 11921  5904 4799.48111   77   99 11890.5580 4755.01667  60.0%   233 1232s
 12102  6062 4802.45350   79  121 11890.5580 4755.01667  60.0%   237 1243s
 12345  6158 4802.61309   82  110 11890.5580 4755.01667  60.0%   238 1255s
 12533  6256     cutoff   84      11890.5580 4755.01667  60.0%   239 1269s
 12718  6408     cutoff   87      11890.5580 4755.01667  60.0%   242 1283s
 12989  6529 4811.43523   90   99 11890.5580 4755.01667  60.0%   244 1324s
 13225  6642 4819.91394   95  109 11890.5580 4755.01667  60.0%   249 1338s
 13486  6773     cutoff   97      11890.5580 4755.01667  60.0%   252 1354s
 13849  6801     cutoff  102      11890.5580 4755.01667  60.0%   255 1374s
 14012  6900     cutoff  107      11890.5580 4755.01667  60.0%   262 1396s
 14280  7061 4834.46731  112  104 11890.5580 4755.01667  60.0%   267 1414s
 14627  7216 4841.76007  118   98 11890.5580 4755.01667  60.0%   269 1436s
 14970  7338 4849.39975  125   98 11890.5580 4755.01667  60.0%   272 1454s
 15236  7898 4856.20872  133   98 11890.5580 4755.01667  60.0%   275 1472s
 15975  8418 4864.35035  143   96 11890.5580 4755.01667  60.0%   271 1496s
 16711  8561     cutoff  149      11890.5580 4755.01667  60.0%   270 1517s
 17050  8870     cutoff  152      11890.5580 4755.01667  60.0%   274 1537s
 17571  9113 4872.64256  161   98 11890.5580 4755.01667  60.0%   277 1557s
 18073  9098 4875.70770  166   96 11890.5580 4755.01667  60.0%   281 1579s
 18462  8911 4883.96548  180   98 11890.5580 4755.01667  60.0%   291 1603s
 18824  8779 4890.08730  186   98 11890.5580 4755.01667  60.0%   302 1626s
 19216  8552     cutoff  196      11890.5580 4755.01667  60.0%   313 1650s
 19473  8288 4906.33831  199   96 11890.5580 4755.01667  60.0%   324 1677s
 19826  8153 4911.01974  205  108 11890.5580 4755.01667  60.0%   333 1705s
 20219  8035     cutoff  211      11890.5580 4755.01667  60.0%   337 1729s
 20767  7760     cutoff  220      11890.5580 4755.01667  60.0%   339 1758s
 21465  7366     cutoff  231      11890.5580 4755.01667  60.0%   342 1783s
 22152  7633     cutoff  240      11890.5580 4755.01667  60.0%   347 1811s
 23308  8400     cutoff  256      11890.5580 4755.01667  60.0%   347 1882s
 24768  8984 4765.89180   52  107 11890.5580 4755.01667  60.0%   340 1910s
 26328  8967 4801.18297   74  110 11890.5580 4755.01667  60.0%   340 1987s
 26384  9681 4801.47852   75  110 11890.5580 4755.01667  60.0%   343 2020s
 28111 10249 4832.63956  116  106 11890.5580 4755.01667  60.0%   340 2051s
 29747 10850 4837.10568  126  108 11890.5580 4755.01667  60.0%   339 2078s
 31203 11814 4854.86042  153  105 11890.5580 4755.01667  60.0%   339 2105s
 32926 12437 4910.11741  197  110 11890.5580 4755.01667  60.0%   336 2132s
 34555 13315 4927.16615  210  107 11890.5580 4755.01667  60.0%   336 2162s
 36503 13629 4982.52306  255  106 11890.5580 4757.48736  60.0%   335 2189s
 38041 14153     cutoff  150      11890.5580 5120.53812  56.9%   341 2218s
 39824 14741     cutoff  184      11890.5580 8393.54676  29.4%   343 2254s
 41623 15163 11540.8569   91   46 11890.5580 10744.5044  9.64%   340 2287s
 43734 14709     cutoff  347      11890.5580 10776.3519  9.37%   342 2316s
 45406 14269 11577.8710  273   34 11890.5580 10776.3519  9.37%   351 2346s
 47253 13800 11663.7381  355   35 11890.5580 10776.3519  9.37%   355 2377s
 49328 13087 infeasible  433      11890.5580 10816.3139  9.03%   358 2412s
 51127 11900     cutoff  266      11890.5580 10838.0450  8.85%   361 2441s
 53180 10356 11773.2395  138   45 11890.5580 10844.3416  8.80%   366 2470s
 55186  8852     cutoff  143      11890.5580 10860.6877  8.66%   371 2498s
 56896  7549     cutoff  399      11890.5580 10872.6131  8.56%   373 2526s
 58349  6259 infeasible  175      11890.5580 10881.2544  8.49%   373 2555s
 59763  5188     cutoff  108      11890.5580 10891.2349  8.40%   370 2591s
 61392  4132     cutoff  353      11890.5580 10908.0725  8.26%   365 2663s
 62497  2747 infeasible  175      11890.5580 10952.1263  7.89%   362 2708s
 64150  1445 infeasible   89      11890.5580 11764.8341  1.06%   355 2743s
 65621   214 infeasible  103      11890.5580 11779.9626  0.93%   348 2777s
 67018     0 11871.7904  193   73 11890.5580 11829.8439  0.51%   341 2791s

Cutting planes:
  Clique: 1
  MIR: 1
  Zero half: 18

Explored 67289 nodes (22876922 simplex iterations) in 2791.87 seconds
Thread count was 20 (of 40 available processors)

Solution count 10: 11890.6 11914.2 11915.8 ... 23625.2

Optimal solution found (tolerance 1.00e-04)
Best objective 1.189055899759e+04, best bound 1.189055899759e+04, gap 0.0000%

    Variable            x 
-------------------------
x_0_0_64_3_101            1 
x_0_1_114_2_121            1 
x_0_2_121_4_140            1 
x_0_3_101_1_114            1 
x_0_4_140_6_159            1 
x_0_6_159_7_175            1 
x_0_7_175_0_224            1 
x_1_0_64_5_90            1 
x_1_5_90_0_109            1 
