
Gurobi 9.0.2 (linux64, Python) logging started Fri Jun 12 13:46:07 2020

Using license file /share/apps/gurobi/9.0.2/gurobi_client.lic
Set parameter TokenServer to value 10.1.1.1
Set parameter LogFile to value Gpy_s11.log
Changed value of parameter TimeLimit to 3600.0
   Prev: inf  Min: 0.0  Max: inf  Default: inf
Gurobi Optimizer version 9.0.2 build v9.0.2rc0 (linux64)
Optimize a model with 13141 rows, 1539930 columns and 7070094 nonzeros
Model fingerprint: 0x8359041e
Variable types: 0 continuous, 1539930 integer (1539930 binary)
Coefficient statistics:
  Matrix range     [1e+00, 2e+01]
  Objective range  [3e+01, 2e+04]
  Bounds range     [1e+00, 1e+00]
  RHS range        [1e+00, 1e+02]
Found heuristic solution: objective 30407.101435
Presolve removed 1104 rows and 347944 columns (presolve time = 5s) ...
Presolve removed 1108 rows and 347944 columns (presolve time = 11s) ...
Presolve removed 1108 rows and 347944 columns (presolve time = 17s) ...
Presolve removed 1108 rows and 347944 columns
Presolve time: 17.30s
Presolved: 12033 rows, 1191986 columns, 5787304 nonzeros
Found heuristic solution: objective 29446.753043
Variable types: 0 continuous, 1191986 integer (1191986 binary)

Deterministic concurrent LP optimizer: primal and dual simplex
Showing first log only...


Root simplex log...

Iteration    Objective       Primal Inf.    Dual Inf.      Time
       0    3.6539735e+03   8.625000e+00   3.468645e+08     20s
   58223    1.3002689e+04   5.070738e-01   9.080863e+10     26s
   84051    8.2098131e+03   0.000000e+00   5.167393e+08     31s
  107103    5.8726143e+03   0.000000e+00   1.636011e+08     35s
  135882    4.7674734e+03   0.000000e+00   4.277108e+07     41s
  164054    4.0461752e+03   0.000000e+00   4.045882e+07     45s
  197173    3.0981128e+03   0.000000e+00   1.268219e+08     51s
  220432    2.7943463e+03   0.000000e+00   2.193646e+07     55s
  251456    2.5194006e+03   0.000000e+00   4.415175e+06     60s
  284564    2.4018679e+03   0.000000e+00   3.038961e+05     66s
  304276    3.3055378e+03   2.414238e+02   0.000000e+00     71s
  304696    3.3156122e+03   4.997885e+01   0.000000e+00     76s
  305146    3.3286968e+03   5.708512e+02   0.000000e+00     80s
  305586    3.3399967e+03   1.250914e+02   0.000000e+00     85s
  306206    3.3589753e+03   9.637086e+01   0.000000e+00     91s
  306726    3.3775406e+03   4.798310e+02   0.000000e+00     96s
  307356    3.4127500e+03   5.073374e+01   0.000000e+00    100s
  307966    3.4445100e+03   6.372077e+02   0.000000e+00    106s
  308486    3.4646531e+03   6.613517e+02   0.000000e+00    110s
  309046    3.4823237e+03   2.746849e+02   0.000000e+00    116s
  309386    3.4937161e+03   1.301769e+02   0.000000e+00    120s
  309796    3.5020736e+03   8.011097e+01   0.000000e+00    125s
  310316    3.5137427e+03   1.930225e+02   0.000000e+00    131s
  310756    3.5280503e+03   2.676661e+01   0.000000e+00    135s
  311376    3.5437288e+03   4.057162e+01   0.000000e+00    141s
  311726    3.5494587e+03   5.722099e+02   0.000000e+00    145s
  312206    3.5586059e+03   9.813985e+01   0.000000e+00    151s
  312546    3.5648862e+03   1.580993e+02   0.000000e+00    156s
  313176    3.6085574e+03   6.464304e+02   0.000000e+00    160s
  313626    3.6312127e+03   2.010511e+01   0.000000e+00    165s
  314076    3.6416832e+03   2.052766e+02   0.000000e+00    171s
  314536    3.6562977e+03   6.130511e+02   0.000000e+00    175s
  314946    3.6660642e+03   6.028860e+01   0.000000e+00    180s
  315406    3.6795763e+03   5.007577e+02   0.000000e+00    185s
  315806    3.6848856e+03   7.346890e+01   0.000000e+00    191s
  316036    3.6869755e+03   2.694945e+01   0.000000e+00    195s
  316366    3.6893236e+03   1.486064e+01   0.000000e+00    200s
  316686    3.6909003e+03   2.266828e+01   0.000000e+00    206s
  316906    3.6921740e+03   5.214656e+00   0.000000e+00    210s
  317216    3.6938647e+03   6.621249e+01   0.000000e+00    216s
  317526    3.6954349e+03   3.793943e+01   0.000000e+00    222s
  317756    3.6964567e+03   2.312697e+01   0.000000e+00    226s
  318006    3.6974668e+03   2.223628e+01   0.000000e+00    231s
  318246    3.6977589e+03   3.732281e+00   0.000000e+00    235s
  318486    3.6979855e+03   4.121647e-01   0.000000e+00    240s
  318685    3.6980696e+03   0.000000e+00   0.000000e+00    244s
Concurrent spin time: 0.01s

Solved with primal simplex

Root relaxation: objective 3.698070e+03, 318685 iterations, 225.77 seconds

    Nodes    |    Current Node    |     Objective Bounds      |     Work
 Expl Unexpl |  Obj  Depth IntInf | Incumbent    BestBd   Gap | It/Node Time

     0     0 3698.06964    0  223 29446.7530 3698.06964  87.4%     -  249s
     0     0 3701.10723    0  233 29446.7530 3701.10723  87.4%     -  548s
     0     0 3701.41523    0  232 29446.7530 3701.41523  87.4%     -  554s
     0     0 3702.82531    0  251 29446.7530 3702.82531  87.4%     -  570s
     0     0 3703.86756    0  279 29446.7530 3703.86756  87.4%     -  582s
     0     0 3705.44204    0  265 29446.7530 3705.44204  87.4%     -  608s
     0     0 3705.44204    0  284 29446.7530 3705.44204  87.4%     -  615s
     0     0 3707.22794    0  275 29446.7530 3707.22794  87.4%     -  631s
H    0     0                    25778.548807 3707.22794  85.6%     -  633s
     0     0 3707.22794    0  275 25778.5488 3707.22794  85.6%     -  637s
     0     0 3707.40228    0  275 25778.5488 3707.40228  85.6%     -  645s
     0     0 3707.40228    0  275 25778.5488 3707.40228  85.6%     -  652s
     0     0 3707.55146    0  267 25778.5488 3707.55146  85.6%     -  661s
     0     0 3707.55146    0  267 25778.5488 3707.55146  85.6%     -  668s
     0     0 3707.61425    0  270 25778.5488 3707.61425  85.6%     -  674s
     0     0 3707.61425    0  270 25778.5488 3707.61425  85.6%     -  679s
     0     0 3707.66131    0  270 25778.5488 3707.66131  85.6%     -  687s
     0     0 3707.66131    0  270 25778.5488 3707.66131  85.6%     -  693s
     0     0 3707.86376    0  269 25778.5488 3707.86376  85.6%     -  700s
     0     0 3707.86376    0  269 25778.5488 3707.86376  85.6%     -  705s
     0     0 3708.02522    0  296 25778.5488 3708.02522  85.6%     -  715s
     0     0 3708.05612    0  293 25778.5488 3708.05612  85.6%     -  720s
     0     0 3708.12078    0  292 25778.5488 3708.12078  85.6%     -  725s
     0     0 3708.29466    0  298 25778.5488 3708.29466  85.6%     -  731s
     0     0 3708.41018    0  283 25778.5488 3708.41018  85.6%     -  739s
     0     0 3708.41018    0  283 25778.5488 3708.41018  85.6%     -  747s
     0     0 3708.77184    0  271 25778.5488 3708.77184  85.6%     -  753s
     0     0 3708.77184    0  271 25778.5488 3708.77184  85.6%     -  761s
     0     0 3708.83166    0  274 25778.5488 3708.83166  85.6%     -  768s
     0     0 3708.83166    0  274 25778.5488 3708.83166  85.6%     -  773s
     0     0 3709.07200    0  259 25778.5488 3709.07200  85.6%     -  781s
     0     0 3709.07200    0  259 25778.5488 3709.07200  85.6%     -  788s
     0     0 3709.10083    0  274 25778.5488 3709.10083  85.6%     -  797s
     0     0 3709.10083    0  274 25778.5488 3709.10083  85.6%     -  799s
     0     0 3709.42211    0  273 25778.5488 3709.42211  85.6%     -  805s
     0     0 3709.42211    0  274 25778.5488 3709.42211  85.6%     -  813s
     0     0 3709.43574    0  275 25778.5488 3709.43574  85.6%     -  817s
     0     0 3709.43574    0  275 25778.5488 3709.43574  85.6%     -  861s
     0     2 3709.43574    0  274 25778.5488 3709.43574  85.6%     - 1102s
     1     4 3710.66115    1  283 25778.5488 3710.66115  85.6%   639 1573s
     3     8 3710.99088    2  244 25778.5488 3710.99088  85.6%  8276 1756s
     7    16 3711.09956    3  254 25778.5488 3711.08699  85.6%  7664 2030s
    15    30 3711.32721    4  285 25778.5488 3711.32721  85.6%  6224 2433s
H   31    50                    8683.8056123 3711.32806  57.3%  5728 3600s
H   49    50                    8653.6926058 3712.17801  57.1%  4723 3601s

Cutting planes:
  Clique: 44
  MIR: 1
  Zero half: 27

Explored 51 nodes (567639 simplex iterations) in 3602.15 seconds
Thread count was 20 (of 40 available processors)

Solution count 5: 8653.69 8683.81 25778.5 ... 30407.1

Time limit reached
Best objective 8.653692605835e+03, best bound 3.712178014778e+03, gap 57.1030%

    Variable            x 
-------------------------
x_0_0_64_4_86            1 
x_0_2_132_0_151            1 
x_0_3_101_2_132            1 
x_0_4_86_3_101            1 
x_1_0_64_6_94            1 
x_1_5_107_9_128            1 
x_1_6_94_5_107            1 
x_1_8_142_13_165            1 
x_1_9_128_8_142            1 
x_1_13_165_0_214            1 
x_2_0_64_1_130            1 
x_2_1_130_15_170            1 
x_2_7_247_0_280            1 
x_2_10_240_7_247            1 
x_2_11_193_14_213            1 
x_2_12_228_10_240            1 
x_2_14_213_12_228            1 
x_2_15_170_11_193            1 
