
Gurobi 9.0.2 (linux64, Python) logging started Fri Jun 12 13:59:50 2020

Using license file /share/apps/gurobi/9.0.2/gurobi_client.lic
Set parameter TokenServer to value 10.1.1.1
Set parameter LogFile to value Gpy_s13.log
Changed value of parameter TimeLimit to 3600.0
   Prev: inf  Min: 0.0  Max: inf  Default: inf
Gurobi Optimizer version 9.0.2 build v9.0.2rc0 (linux64)
Optimize a model with 18569 rows, 2698796 columns and 12489196 nonzeros
Model fingerprint: 0x84e15167
Variable types: 0 continuous, 2698796 integer (2698796 binary)
Coefficient statistics:
  Matrix range     [1e+00, 2e+01]
  Objective range  [3e+01, 2e+04]
  Bounds range     [1e+00, 1e+00]
  RHS range        [1e+00, 1e+02]
Found heuristic solution: objective 33594.094370
Presolve removed 1372 rows and 566448 columns (presolve time = 5s) ...
Presolve removed 1372 rows and 566448 columns (presolve time = 11s) ...
Presolve removed 1372 rows and 566448 columns (presolve time = 15s) ...
Presolve removed 1372 rows and 566448 columns (presolve time = 20s) ...
Presolve removed 1372 rows and 566448 columns (presolve time = 26s) ...
Presolve removed 1372 rows and 566448 columns (presolve time = 30s) ...
Presolve removed 1372 rows and 566448 columns
Presolve time: 30.16s
Presolved: 17197 rows, 2132348 columns, 10419388 nonzeros
Found heuristic solution: objective 33153.122724
Variable types: 0 continuous, 2132348 integer (2132348 binary)

Deterministic concurrent LP optimizer: primal and dual simplex
Showing first log only...


Root simplex log...

Iteration    Objective       Primal Inf.    Dual Inf.      Time
       0    8.0211497e+03   9.000000e+00   1.189457e+11     36s
   54977    7.5184302e+03   4.835282e+00   3.878404e+11     41s
   75051    8.2868292e+03   2.772322e+00   8.255978e+11     45s
   94843    8.9366970e+03   1.802574e+00   4.063105e+11     50s
  120910    8.9555732e+03   1.645469e+00   1.615481e+11     57s
  138898    9.6793250e+03   9.779179e-01   1.147952e+11     62s
  159587    1.0715315e+04   1.765694e-01   1.402466e+11     67s
  170774    1.0190753e+04   1.327325e-04   1.358560e+09     70s
  198783    8.3782043e+03   0.000000e+00   8.671831e+08     77s
  216716    7.3432024e+03   0.000000e+00   3.942910e+08     82s
  232073    6.9594695e+03   0.000000e+00   6.187379e+08     87s
  248386    6.5077124e+03   0.000000e+00   7.841399e+08     91s
  263979    5.7993370e+03   0.000000e+00   1.271570e+09     95s
  288449    4.5168709e+03   0.000000e+00   3.702575e+08    102s
  303204    4.1973253e+03   0.000000e+00   1.301691e+08    106s
  317588    3.8877499e+03   0.000000e+00   1.638192e+08    111s
  339235    3.6218695e+03   0.000000e+00   1.110956e+09    117s
  354897    3.4473521e+03   0.000000e+00   1.207965e+08    121s
  368576    3.2338136e+03   0.000000e+00   6.272189e+07    125s
  387729    3.0767736e+03   0.000000e+00   6.497973e+07    131s
  408122    2.9591382e+03   0.000000e+00   4.389883e+07    137s
  421145    2.8909756e+03   0.000000e+00   3.334805e+07    140s
  442424    2.7856739e+03   0.000000e+00   3.338296e+07    147s
  457273    2.7038673e+03   0.000000e+00   7.210534e+07    151s
  477625    2.6219695e+03   0.000000e+00   8.250697e+06    156s
  491287    2.5606497e+03   0.000000e+00   1.013156e+07    160s
  510963    2.5030973e+03   0.000000e+00   7.102065e+06    166s
  531014    2.4611653e+03   0.000000e+00   2.034770e+07    171s
  550753    2.4302191e+03   0.000000e+00   5.099882e+06    177s
  564117    2.4107514e+03   0.000000e+00   1.981849e+07    180s
  584525    2.3879392e+03   0.000000e+00   1.174136e+06    186s
  604711    2.3724611e+03   0.000000e+00   2.015014e+06    191s
  618238    2.3645331e+03   0.000000e+00   1.049920e+06    195s
  637715    2.3560595e+03   0.000000e+00   7.082400e+05    200s
  656837    2.3515898e+03   0.000000e+00   2.205566e+05    206s
  676482    2.3481804e+03   0.000000e+00   1.333729e+06    212s
  689578    2.3465061e+03   0.000000e+00   7.208642e+04    215s
  708332    2.3447028e+03   0.000000e+00   4.959969e+04    221s
  727522    2.3436999e+03   0.000000e+00   8.623435e+03    226s
  740016    3.4380974e+03   2.741620e+02   0.000000e+00    232s
  740166    3.4387075e+03   2.117196e+02   0.000000e+00    235s
  740556    3.4418545e+03   6.291219e+02   0.000000e+00    242s
  740826    3.4453883e+03   7.784777e+02   0.000000e+00    246s
  741206    3.4509337e+03   5.358693e+02   0.000000e+00    251s
  741526    3.4561926e+03   1.007095e+03   0.000000e+00    255s
  741936    3.4601367e+03   2.261470e+02   0.000000e+00    262s
  742166    3.4621886e+03   1.189118e+02   0.000000e+00    266s
  742366    3.4635343e+03   4.021183e+02   0.000000e+00    270s
  742646    3.4649119e+03   2.640697e+03   0.000000e+00    277s
  742846    3.4662843e+03   2.019344e+02   0.000000e+00    282s
  743066    3.4676839e+03   4.389577e+02   0.000000e+00    286s
  743256    3.4686665e+03   5.394220e+02   0.000000e+00    291s
  743446    3.4697669e+03   7.015130e+02   0.000000e+00    295s
  743766    3.4731883e+03   6.779398e+01   0.000000e+00    302s
  743956    3.4742801e+03   3.069192e+02   0.000000e+00    306s
  744266    3.4805001e+03   3.466695e+02   0.000000e+00    311s
  744576    3.4837748e+03   7.237848e+02   0.000000e+00    317s
  744776    3.4859654e+03   7.190915e+02   0.000000e+00    321s
  745116    3.4898584e+03   2.819290e+02   0.000000e+00    327s
  745336    3.4915964e+03   7.998075e+02   0.000000e+00    332s
  745636    3.4948463e+03   1.647012e+02   0.000000e+00    337s
  745936    3.5016273e+03   2.701667e+02   0.000000e+00    341s
  746256    3.5061459e+03   1.218520e+03   0.000000e+00    346s
  746546    3.5115102e+03   1.162915e+03   0.000000e+00    351s
  746836    3.5174008e+03   1.002143e+03   0.000000e+00    357s
  747026    3.5204339e+03   6.557964e+02   0.000000e+00    361s
  747326    3.5227770e+03   1.106302e+03   0.000000e+00    367s
  747516    3.5256429e+03   7.084275e+02   0.000000e+00    371s
  747836    3.5304382e+03   6.212118e+02   0.000000e+00    376s
  748156    3.5411207e+03   1.579947e+03   0.000000e+00    380s
  748556    3.5570993e+03   2.480847e+02   0.000000e+00    385s
  748866    3.5676859e+03   1.913700e+02   0.000000e+00    390s
  749166    3.5713375e+03   1.476321e+03   0.000000e+00    397s
  749366    3.5726707e+03   9.605846e+01   0.000000e+00    402s
  749606    3.5745025e+03   6.420653e+01   0.000000e+00    407s
  749806    3.5754381e+03   4.289861e+02   0.000000e+00    412s
  750006    3.5760747e+03   1.060469e+02   0.000000e+00    418s
  750106    3.5763215e+03   3.341536e+01   0.000000e+00    422s
  750336    3.5769999e+03   1.440399e+02   0.000000e+00    429s
  750446    3.5773495e+03   4.124167e+01   0.000000e+00    432s
  750566    3.5777601e+03   1.140650e+02   0.000000e+00    436s
  750766    3.5786238e+03   7.688738e+01   0.000000e+00    441s
  751006    3.5793021e+03   1.347933e+01   0.000000e+00    449s
  751116    3.5795472e+03   1.015187e+01   0.000000e+00    452s
  751236    3.5796179e+03   2.778939e+01   0.000000e+00    457s
  751356    3.5796837e+03   7.066543e+00   0.000000e+00    461s
  751476    3.5797719e+03   1.000377e+01   0.000000e+00    466s
  751596    3.5798581e+03   1.924113e+00   0.000000e+00    470s
  751816    3.5800816e+03   4.581695e+00   0.000000e+00    478s
  751936    3.5801758e+03   2.695694e+01   0.000000e+00    483s
  752056    3.5802736e+03   2.153088e+01   0.000000e+00    487s
  752166    3.5803650e+03   0.000000e+00   0.000000e+00    491s
Concurrent spin time: 93.55s

Solved with primal simplex

Root relaxation: objective 3.580365e+03, 752166 iterations, 552.66 seconds
Total elapsed time = 585.06s

    Nodes    |    Current Node    |     Objective Bounds      |     Work
 Expl Unexpl |  Obj  Depth IntInf | Incumbent    BestBd   Gap | It/Node Time

     0     0 3580.36503    0  299 33153.1227 3580.36503  89.2%     -  595s
     0     0 3580.37832    0  295 33153.1227 3580.37832  89.2%     - 1299s
     0     0 3580.37832    0  295 33153.1227 3580.37832  89.2%     - 1318s
     0     0 3584.67941    0  370 33153.1227 3584.67941  89.2%     - 1423s
     0     0 3585.65401    0  459 33153.1227 3585.65401  89.2%     - 1509s
     0     0 3585.95162    0  458 33153.1227 3585.95162  89.2%     - 1551s
     0     0 3586.81028    0  432 33153.1227 3586.81028  89.2%     - 1584s
     0     0 3586.88205    0  356 33153.1227 3586.88205  89.2%     - 1623s
     0     0 3586.88205    0  378 33153.1227 3586.88205  89.2%     - 1631s
     0     0 3586.88205    0  358 33153.1227 3586.88205  89.2%     - 1732s

Cutting planes:
  Zero half: 64

Explored 1 nodes (758957 simplex iterations) in 3600.17 seconds
Thread count was 20 (of 40 available processors)

Solution count 2: 33153.1 33594.1 

Time limit reached
Best objective 3.315312272415e+04, best bound 3.586882052395e+03, gap 89.1809%

    Variable            x 
-------------------------
x_0_0_64_1_132            1 
x_0_1_132_12_152            1 
x_0_12_152_15_174            1 
x_0_15_174_0_223            1 
x_1_0_64_4_112            1 
x_1_4_112_6_124            1 
x_1_6_124_8_140            1 
x_1_8_140_10_154            1 
x_1_10_154_14_177            1 
x_1_14_177_0_226            1 
x_2_0_64_7_109            1 
x_2_7_109_11_134            1 
x_2_11_134_16_152            1 
x_2_16_152_0_196            1 
x_3_0_64_2_89            1 
x_3_2_89_3_106            1 
x_3_3_106_5_113            1 
x_3_5_113_9_139            1 
x_3_9_139_13_155            1 
x_3_13_155_17_169            1 
x_3_17_169_0_198            1 
