
Gurobi 9.0.2 (linux64, Python) logging started Fri Jun 12 13:46:43 2020

Using license file /share/apps/gurobi/9.0.2/gurobi_client.lic
Set parameter TokenServer to value 10.1.1.1
Set parameter LogFile to value Gpy_s12.log
Changed value of parameter TimeLimit to 3600.0
   Prev: inf  Min: 0.0  Max: inf  Default: inf
Gurobi Optimizer version 9.0.2 build v9.0.2rc0 (linux64)
Optimize a model with 13703 rows, 1688419 columns and 7805414 nonzeros
Model fingerprint: 0x7ecbfcad
Variable types: 0 continuous, 1688419 integer (1688419 binary)
Coefficient statistics:
  Matrix range     [1e+00, 3e+01]
  Objective range  [2e+01, 2e+04]
  Bounds range     [1e+00, 1e+00]
  RHS range        [1e+00, 1e+02]
Found heuristic solution: objective 38069.295740
Presolve removed 1014 rows and 358075 columns (presolve time = 5s) ...
Presolve removed 1014 rows and 358075 columns (presolve time = 10s) ...
Presolve removed 1045 rows and 358075 columns (presolve time = 16s) ...
Presolve removed 1045 rows and 358075 columns
Presolve time: 18.86s
Presolved: 12658 rows, 1330344 columns, 6442611 nonzeros
Found heuristic solution: objective 37335.210266
Variable types: 0 continuous, 1330344 integer (1330344 binary)

Deterministic concurrent LP optimizer: primal and dual simplex
Showing first log only...


Root simplex log...

Iteration    Objective       Primal Inf.    Dual Inf.      Time
       0    7.1669572e+03   1.187500e+01   9.076746e+10     22s
   51793    1.1239234e+04   1.054294e+00   1.097182e+11     26s
   79593    1.1193038e+04   2.517617e-04   7.890484e+08     32s
   98274    7.8968523e+03   0.000000e+00   4.015808e+08     35s
  131527    5.6551491e+03   0.000000e+00   1.228004e+08     41s
  152604    4.6209979e+03   0.000000e+00   1.160269e+08     45s
  180039    3.6585661e+03   0.000000e+00   1.746615e+08     51s
  206344    2.8024616e+03   0.000000e+00   5.245496e+07     56s
  225745    2.4613666e+03   0.000000e+00   4.716734e+07     60s
  250136    2.2346239e+03   0.000000e+00   3.070653e+07     65s
  274552    2.0853894e+03   0.000000e+00   6.654664e+06     71s
  300184    1.9035399e+03   0.000000e+00   4.897460e+06     76s
  324206    1.8052386e+03   0.000000e+00   2.321027e+06     81s
  347777    1.7378408e+03   0.000000e+00   7.714565e+06     86s
  369742    1.6978071e+03   0.000000e+00   4.295934e+05     90s
  392596    1.6786276e+03   0.000000e+00   8.279405e+04     95s
  408768    3.3681956e+03   4.862682e+02   0.000000e+00    101s
  409078    3.3721150e+03   6.676135e+02   0.000000e+00    105s
  409468    3.3769938e+03   2.271833e+02   0.000000e+00    111s
  409898    3.3819456e+03   1.560140e+02   0.000000e+00    116s
  410178    3.3851814e+03   4.248750e+02   0.000000e+00    120s
  410598    3.3917318e+03   1.043441e+02   0.000000e+00    126s
  410868    3.3972436e+03   4.721932e+02   0.000000e+00    130s
  411258    3.4013245e+03   6.582098e+01   0.000000e+00    137s
  411468    3.4029996e+03   8.297355e+01   0.000000e+00    141s
  411688    3.4044441e+03   5.144695e+01   0.000000e+00    145s
  411978    3.4063125e+03   3.040736e+02   0.000000e+00    151s
  412258    3.4083485e+03   4.766166e+01   0.000000e+00    156s
  412598    3.4110475e+03   2.833925e+01   0.000000e+00    162s
  412828    3.4125032e+03   3.597107e+02   0.000000e+00    166s
  413038    3.4136099e+03   3.363895e+01   0.000000e+00    171s
  413278    3.4146791e+03   5.583036e+01   0.000000e+00    176s
  413518    3.4154069e+03   3.578353e+01   0.000000e+00    181s
  413758    3.4160492e+03   2.707715e+01   0.000000e+00    187s
  413998    3.4165063e+03   1.491707e+01   0.000000e+00    192s
  414208    3.4183207e+03   6.806165e+01   0.000000e+00    196s
  414428    3.4185878e+03   3.863973e+01   0.000000e+00    200s
  414785    3.4191794e+03   0.000000e+00   0.000000e+00    205s
Concurrent spin time: 3.30s

Solved with primal simplex

Root relaxation: objective 3.419179e+03, 414785 iterations, 188.52 seconds

    Nodes    |    Current Node    |     Objective Bounds      |     Work
 Expl Unexpl |  Obj  Depth IntInf | Incumbent    BestBd   Gap | It/Node Time

     0     0 3419.17943    0  346 37335.2103 3419.17943  90.8%     -  214s
     0     0 3419.64694    0  331 37335.2103 3419.64694  90.8%     -  500s
     0     0 3422.23230    0  409 37335.2103 3422.23230  90.8%     -  547s
     0     0 3422.25709    0  385 37335.2103 3422.25709  90.8%     -  555s
     0     0 3527.64508    0  370 37335.2103 3527.64508  90.6%     -  589s
     0     0 3528.05340    0  350 37335.2103 3528.05340  90.6%     -  615s
     0     0 3529.73619    0  333 37335.2103 3529.73619  90.5%     -  634s
     0     0 3529.73619    0  333 37335.2103 3529.73619  90.5%     -  691s
     0     2 3529.73619    0  322 37335.2103 3529.73619  90.5%     - 1141s
     1     4 3529.82244    1  355 37335.2103 3529.82244  90.5%   195 1229s
     3     8 3529.88023    2  352 37335.2103 3529.88023  90.5%   925 1574s
     5     8 3882.72689    2  293 37335.2103 3529.88789  90.5%  1176 1575s
     7    16 3531.28290    3  407 37335.2103 3531.28290  90.5%  3334 2288s
H   12    16                    6528.2519092 3531.28423  45.9%  6583 2289s
    15    26 3531.37646    4  404 6528.25191 3531.30708  45.9%  6526 2544s
H   30    26                    6528.1209111 3531.46679  45.9%  5382 2546s
    31    27 4940.75381    5  333 6528.12091 3531.46679  45.9%  5208 3255s

Explored 32 nodes (627646 simplex iterations) in 3600.23 seconds
Thread count was 20 (of 40 available processors)

Solution count 4: 6528.12 6528.25 37335.2 38069.3 

Time limit reached
Best objective 6.528120911088e+03, best bound 3.531466786216e+03, gap 45.9038%

    Variable            x 
-------------------------
x_0_0_64_14_111            1 
x_0_7_160_8_165            1 
x_0_8_165_0_198            1 
x_0_11_150_7_160            1 
x_0_12_138_13_141            1 
x_0_13_141_11_150            1 
x_0_14_111_15_123            1 
x_0_15_123_12_138            1 
x_1_0_64_10_111            1 
x_1_1_150_3_160            1 
x_1_3_160_0_182            1 
x_1_9_129_1_150            1 
x_1_10_111_9_129            1 
x_2_0_64_6_93            1 
x_2_2_132_0_150            1 
x_2_4_104_5_119            1 
x_2_5_119_2_132            1 
x_2_6_93_4_104            1 
