
Gurobi 9.0.2 (linux64, Python) logging started Fri Jun 12 13:44:55 2020

Using license file /share/apps/gurobi/9.0.2/gurobi_client.lic
Set parameter TokenServer to value 10.1.1.1
Set parameter LogFile to value Gpy_s10.log
Changed value of parameter TimeLimit to 3600.0
   Prev: inf  Min: 0.0  Max: inf  Default: inf
Gurobi Optimizer version 9.0.2 build v9.0.2rc0 (linux64)
Optimize a model with 8141 rows, 922743 columns and 4214448 nonzeros
Model fingerprint: 0x3f8ed846
Variable types: 0 continuous, 922743 integer (922743 binary)
Coefficient statistics:
  Matrix range     [1e+00, 2e+01]
  Objective range  [3e+01, 2e+04]
  Bounds range     [1e+00, 1e+00]
  RHS range        [1e+00, 1e+02]
Found heuristic solution: objective 33708.504049
Presolve removed 801 rows and 223800 columns (presolve time = 5s) ...
Presolve removed 803 rows and 223800 columns
Presolve time: 9.97s
Presolved: 7338 rows, 698943 columns, 3386439 nonzeros
Found heuristic solution: objective 33557.660527
Variable types: 0 continuous, 698943 integer (698943 binary)

Root simplex log...

Iteration    Objective       Primal Inf.    Dual Inf.      Time
       0    0.0000000e+00   3.900000e+01   0.000000e+00     11s
    2736    2.9576186e+03   5.370000e+01   0.000000e+00     15s
    5186    3.3367892e+03   4.131122e+02   0.000000e+00     20s
    7082    3.5278350e+03   1.787152e+02   0.000000e+00     25s
    9112    3.5934394e+03   1.556026e+02   0.000000e+00     30s
   10962    3.6357822e+03   6.666190e+01   0.000000e+00     36s
   12482    3.6993149e+03   6.310134e+01   0.000000e+00     40s
   14322    3.8328430e+03   8.315005e+01   0.000000e+00     45s
   15922    3.8776351e+03   1.818513e+01   0.000000e+00     50s
   17622    3.9811968e+03   1.822784e+02   0.000000e+00     55s
   18752    4.0115112e+03   7.104004e+01   0.000000e+00     60s
   19752    4.0333509e+03   4.955852e+01   0.000000e+00     65s
   20612    4.0576927e+03   7.117657e+01   0.000000e+00     70s
   22102    4.1292458e+03   8.363655e+01   0.000000e+00     75s
   23332    4.2150981e+03   6.985617e+01   0.000000e+00     81s
   24182    4.2416219e+03   6.489977e+01   0.000000e+00     85s
   25472    4.3854867e+03   2.778905e+03   0.000000e+00     90s
   26402    4.4152919e+03   7.076057e+01   0.000000e+00     95s
   27672    4.5155657e+03   1.003173e+03   0.000000e+00    100s
   28532    4.5519631e+03   6.164396e+01   0.000000e+00    105s
   29372    4.5872857e+03   1.260546e+02   0.000000e+00    110s
   30152    4.6141340e+03   1.791817e+02   0.000000e+00    115s
   31032    4.6485637e+03   8.150135e+00   0.000000e+00    121s
   31612    4.6563583e+03   3.387642e+00   0.000000e+00    125s
   32322    4.6725335e+03   2.108665e+00   0.000000e+00    130s
   33142    4.6909561e+03   2.439095e+01   0.000000e+00    135s
   33752    4.7008756e+03   6.729307e+00   0.000000e+00    140s
   34302    4.7078500e+03   1.520062e+00   0.000000e+00    146s
   34872    4.7155275e+03   4.259881e+00   0.000000e+00    150s
   35462    4.7256967e+03   6.378958e+00   0.000000e+00    155s
   36092    4.7334521e+03   7.879131e-01   0.000000e+00    161s
   36642    4.7382657e+03   1.580682e+00   0.000000e+00    166s
   37082    4.7451392e+03   2.963575e+00   0.000000e+00    170s
   37792    4.7551932e+03   1.263834e+00   0.000000e+00    176s
   38362    4.7658741e+03   1.765244e+00   0.000000e+00    181s
   38962    4.7734850e+03   1.455574e+00   0.000000e+00    186s
   39532    4.7816081e+03   1.389722e+01   0.000000e+00    190s
   40192    4.7899170e+03   2.580445e+01   0.000000e+00    196s
   40525    4.7935284e+03   0.000000e+00   0.000000e+00    199s

Root relaxation: objective 4.793528e+03, 40525 iterations, 187.99 seconds

    Nodes    |    Current Node    |     Objective Bounds      |     Work
 Expl Unexpl |  Obj  Depth IntInf | Incumbent    BestBd   Gap | It/Node Time

     0     0 4793.52844    0  147 33557.6605 4793.52844  85.7%     -  202s
H    0     0                    33497.845415 4793.52844  85.7%     -  275s
     0     0 4801.92847    0  190 33497.8454 4801.92847  85.7%     -  299s
     0     0 4806.09451    0  176 33497.8454 4806.09451  85.7%     -  333s
H    0     0                    28105.297834 4806.09451  82.9%     -  334s
     0     0 4806.09451    0  199 28105.2978 4806.09451  82.9%     -  354s
     0     0 4807.43183    0  197 28105.2978 4807.43183  82.9%     -  365s
     0     0 4807.43183    0  190 28105.2978 4807.43183  82.9%     -  368s
     0     0 4808.58172    0  204 28105.2978 4808.58172  82.9%     -  372s
     0     0 4808.58172    0  192 28105.2978 4808.58172  82.9%     -  377s
     0     0 4808.59481    0  190 28105.2978 4808.59481  82.9%     -  381s
     0     0 4808.61204    0  188 28105.2978 4808.61204  82.9%     -  382s
     0     0 4808.62009    0  184 28105.2978 4808.62009  82.9%     -  384s
     0     0 4808.73629    0  184 28105.2978 4808.73629  82.9%     -  387s
     0     0 4808.90722    0  209 28105.2978 4808.90722  82.9%     -  389s
     0     0 4808.99107    0  224 28105.2978 4808.99107  82.9%     -  391s
     0     0 4809.31164    0  188 28105.2978 4809.31164  82.9%     -  393s
     0     0 4809.57235    0  225 28105.2978 4809.57235  82.9%     -  397s
     0     0 4809.88523    0  184 28105.2978 4809.88523  82.9%     -  400s
     0     0 4810.17620    0  227 28105.2978 4810.17620  82.9%     -  403s
     0     0 4810.80430    0  225 28105.2978 4810.80430  82.9%     -  411s
     0     0 4811.48133    0  225 28105.2978 4811.48133  82.9%     -  414s
     0     0 4811.84331    0  184 28105.2978 4811.84331  82.9%     -  418s
     0     0 4812.13579    0  225 28105.2978 4812.13579  82.9%     -  424s
     0     0 4812.55059    0  184 28105.2978 4812.55059  82.9%     -  427s
     0     0 4812.91711    0  227 28105.2978 4812.91711  82.9%     -  433s
     0     0 4813.86960    0  225 28105.2978 4813.86960  82.9%     -  436s
     0     0 4814.32424    0  184 28105.2978 4814.32424  82.9%     -  440s
     0     0 4814.58495    0  227 28105.2978 4814.58495  82.9%     -  445s
     0     0 4814.89783    0  184 28105.2978 4814.89783  82.9%     -  450s
     0     0 4815.13894    0  224 28105.2978 4815.13894  82.9%     -  453s
     0     0 4815.46906    0  226 28105.2978 4815.46906  82.9%     -  455s
     0     0 4815.91637    0  213 28105.2978 4815.91637  82.9%     -  461s
     0     0 4817.19763    0  184 28105.2978 4817.19763  82.9%     -  465s
     0     0 4817.44034    0  191 28105.2978 4817.44034  82.9%     -  472s
     0     0 4817.59973    0  211 28105.2978 4817.59973  82.9%     -  474s
     0     0 4818.32521    0  191 28105.2978 4818.32521  82.9%     -  478s
     0     0 4818.48461    0  213 28105.2978 4818.48461  82.9%     -  480s
     0     0 4819.14749    0  207 28105.2978 4819.14749  82.9%     -  486s
     0     0 4819.30608    0  230 28105.2978 4819.30608  82.9%     -  490s
     0     0 4820.20306    0  202 28105.2978 4820.20306  82.8%     -  500s
H    0     0                    28051.708709 4820.20306  82.8%     -  629s
     0     0 4820.34686    0  202 28051.7087 4820.34686  82.8%     -  631s
     0     0 4822.49635    0  190 28051.7087 4822.49635  82.8%     -  659s
     0     0 4822.63864    0  190 28051.7087 4822.63864  82.8%     -  661s
     0     0 4823.01546    0  186 28051.7087 4823.01546  82.8%     -  665s
     0     0 4823.15775    0  186 28051.7087 4823.15775  82.8%     -  668s
     0     0 4823.24709    0  231 28051.7087 4823.24709  82.8%     -  672s
     0     0 4823.32642    0  231 28051.7087 4823.32642  82.8%     -  674s
     0     0 4823.47582    0  238 28051.7087 4823.47582  82.8%     -  676s
     0     0 4824.23960    0  205 28051.7087 4824.23960  82.8%     -  682s
     0     0 4824.38294    0  205 28051.7087 4824.38294  82.8%     -  683s
     0     0 4824.45750    0  204 28051.7087 4824.45750  82.8%     -  685s
     0     0 4824.60085    0  204 28051.7087 4824.60085  82.8%     -  687s
     0     0 4824.63822    0  200 28051.7087 4824.63822  82.8%     -  689s
     0     0 4824.63822    0  200 28051.7087 4824.63822  82.8%     -  716s
     0     2 4824.63822    0  200 28051.7087 4824.63822  82.8%     -  811s
     1     4 4824.85842    1  181 28051.7087 4824.81629  82.8%   239  947s
     3     8 4825.16399    2  179 28051.7087 4825.16399  82.8%  2954 1050s
     7    14 4826.75930    3  188 28051.7087 4826.75930  82.8%  2573 1176s
    15    26 4827.47907    4  181 28051.7087 4826.94172  82.8%  2599 1269s
    29    44 4827.56096    5  177 28051.7087 4827.56096  82.8%  2602 1552s
H   30    44                    27699.471615 4827.56223  82.6%  2515 1552s
H   33    44                    26659.030489 4827.56223  81.9%  2300 1552s
H   34    44                    26468.311089 4827.56223  81.8%  2236 1552s
H   36    44                    26165.743905 4827.56223  81.6%  2122 1552s
H   39    44                    26046.056032 4827.56223  81.5%  2052 1552s
H   45    44                    26034.984929 4827.56223  81.5%  2083 1553s
    49    64 4827.95046    6  175 26034.9849 4827.58858  81.5%  2254 1648s
H   59    64                    19641.064806 4827.58858  75.4%  1916 1648s
H   67    64                    19042.604311 4827.58858  74.6%  1773 1648s
    69    84 4828.31442    7  177 19042.6043 4827.58858  74.6%  1759 1735s
    89   104 4828.37611    8  178 19042.6043 4827.58858  74.6%  1624 1809s
   109   132 4828.42757    9  172 19042.6043 4827.58858  74.6%  1589 1887s
   139   162 4829.87360   11  195 19042.6043 4827.58858  74.6%  1433 1921s
   169   189 4829.91585   12  195 19042.6043 4827.58858  74.6%  1293 1976s
   202   225 4830.79504   14  195 19042.6043 4827.58858  74.6%  1199 2050s
   241   272 4831.39127   16  232 19042.6043 4827.58858  74.6%  1102 2100s
H  259   272                    16648.931179 4827.58858  71.0%  1047 2100s
   292   305 4831.73916   17  228 16648.9312 4827.58858  71.0%   956 2191s
   339   346 4832.13933   19  207 16648.9312 4827.58858  71.0%   893 2289s
   372   346 9599.07743   20   78 16648.9312 4827.58858  71.0%   881 2290s
   383   393 4832.80199   21  195 16648.9312 4827.58858  71.0%   868 2323s
   434   437 4833.29534   23  261 16648.9312 4827.58858  71.0%   797 2394s
   486   486 4833.37369   24  240 16648.9312 4827.58858  71.0%   791 2427s
   538   543 4834.56104   25  236 16648.9312 4827.58858  71.0%   749 2467s
   601   614 4839.05563   27  232 16648.9312 4827.58858  71.0%   705 2551s
   681   685 4839.48134   28  229 16648.9312 4827.58858  71.0%   655 2627s
   759   758 4840.00931   31  215 16648.9312 4827.58858  71.0%   630 2731s
   835   844 4841.32457   35  199 16648.9312 4827.58858  71.0%   617 2792s
   927   940 4842.21288   37  192 16648.9312 4827.58858  71.0%   588 2865s
  1030  1030 4843.57617   41  246 16648.9312 4827.58858  71.0%   565 2942s
  1122  1153 4844.14591   43  213 16648.9312 4827.58858  71.0%   554 2988s
  1251  1266 4849.09400   49  227 16648.9312 4827.58858  71.0%   519 3055s
  1377  1393 4850.17351   53  191 16648.9312 4827.58858  71.0%   500 3104s
  1510  1537 4855.56793   57  182 16648.9312 4827.58858  71.0%   473 3166s
  1658  1610 4856.49751   63  180 16648.9312 4827.58858  71.0%   447 3437s
H 1667  1610                    16485.963199 4827.58858  70.7%   448 3437s
H 1670  1610                    16184.566820 4827.58858  70.2%   448 3437s
H 1687  1607                    15502.591697 4827.58858  68.9%   445 3437s
  1740  1756 4857.79241   65  174 15502.5917 4827.58858  68.9%   437 3541s
  1898  1943 4858.95046   68  183 15502.5917 4827.58858  68.9%   420 3589s
  2085  2015 4863.67757   72  221 15502.5917 4827.58858  68.9%   394 3600s

Cutting planes:
  Clique: 74
  Zero half: 34
  RLT: 22

Explored 2157 nodes (877378 simplex iterations) in 3600.33 seconds
Thread count was 20 (of 40 available processors)

Solution count 10: 15502.6 16184.6 16486 ... 26468.3

Time limit reached
Best objective 1.550259169658e+04, best bound 4.827588581920e+03, gap 68.8595%

    Variable            x 
-------------------------
x_0_0_64_9_103            1 
x_0_3_207_0_229            1 
x_0_4_195_3_207            1 
x_0_7_153_4_195            1 
x_0_9_103_10_115            1 
x_0_10_115_7_153            1 
x_1_0_64_8_96            1 
x_1_1_161_2_172            1 
x_1_2_172_0_194            1 
x_1_8_96_12_109            1 
x_1_11_132_1_161            1 
x_1_12_109_13_118            1 
x_1_13_118_11_132            1 
x_2_0_64_5_89            1 
x_2_5_89_6_92            1 
x_2_6_92_0_113            1 
