
Gurobi 9.0.2 (linux64, Python) logging started Fri Jun 12 15:44:57 2020

Using license file /share/apps/gurobi/9.0.2/gurobi_client.lic
Set parameter TokenServer to value 10.1.1.1
Set parameter LogFile to value Gpy_s19.log
Changed value of parameter TimeLimit to 3600.0
   Prev: inf  Min: 0.0  Max: inf  Default: inf
Gurobi Optimizer version 9.0.2 build v9.0.2rc0 (linux64)
Optimize a model with 31761 rows, 6723427 columns and 32126936 nonzeros
Model fingerprint: 0xb7a4b250
Variable types: 0 continuous, 6723427 integer (6723427 binary)
Coefficient statistics:
  Matrix range     [1e+00, 2e+01]
  Objective range  [3e+01, 2e+04]
  Bounds range     [1e+00, 1e+00]
  RHS range        [1e+00, 1e+02]
Found heuristic solution: objective 40286.498472
Presolve removed 2512 rows and 614754 columns (presolve time = 5s) ...
Presolve removed 3186 rows and 1255393 columns (presolve time = 11s) ...
Presolve removed 3186 rows and 1255393 columns (presolve time = 15s) ...
Presolve removed 3186 rows and 1255393 columns (presolve time = 20s) ...
Presolve removed 3186 rows and 1255393 columns (presolve time = 25s) ...
Presolve removed 3186 rows and 1255393 columns (presolve time = 30s) ...
Presolve removed 3186 rows and 1255393 columns (presolve time = 35s) ...
Presolve removed 3186 rows and 1255393 columns (presolve time = 40s) ...
Presolve removed 3186 rows and 1255393 columns (presolve time = 45s) ...
Presolve removed 3186 rows and 1255393 columns (presolve time = 53s) ...
Presolve removed 3186 rows and 1255393 columns (presolve time = 55s) ...
Presolve removed 3186 rows and 1255393 columns (presolve time = 61s) ...
Presolve removed 3186 rows and 1255393 columns (presolve time = 65s) ...
Presolve removed 3220 rows and 1255393 columns (presolve time = 71s) ...
Presolve removed 3220 rows and 1255393 columns (presolve time = 75s) ...
Presolve removed 3220 rows and 1255393 columns (presolve time = 80s) ...
Presolve removed 3220 rows and 1255393 columns (presolve time = 98s) ...
Presolve removed 3220 rows and 1255393 columns (presolve time = 112s) ...
Presolve removed 3220 rows and 1255393 columns
Presolve time: 112.08s
Presolved: 28541 rows, 5468034 columns, 26532645 nonzeros
Found heuristic solution: objective 39534.055615
Variable types: 0 continuous, 5468034 integer (5468034 binary)

Deterministic concurrent LP optimizer: primal simplex, dual simplex, and barrier
Showing barrier log only...

Root barrier log...

Elapsed ordering time = 12s
Elapsed ordering time = 18s
Elapsed ordering time = 24s
Elapsed ordering time = 28s
Elapsed ordering time = 37s
Elapsed ordering time = 40s
Elapsed ordering time = 45s
Ordering time: 46.57s

Barrier statistics:
 AA' NZ     : 6.827e+06
 Factor NZ  : 2.908e+07 (roughly 2.4 GBytes of memory)
 Factor Ops : 3.749e+10 (roughly 1 second per iteration)
 Threads    : 18

                  Objective                Residual
Iter       Primal          Dual         Primal    Dual     Compl     Time
   0   4.34397602e+09 -3.03841881e+09  1.20e+06 1.82e-12  5.14e+03   187s
   1   5.77970450e+08 -1.92768993e+09  1.60e+05 1.49e+03  8.13e+02   188s
   2   4.89038023e+07 -1.23640712e+08  1.36e+04 3.04e+01  6.39e+01   190s
   3   3.38327478e+06 -2.15381494e+07  9.49e+02 8.23e+00  5.62e+00   193s
   4   8.17634262e+05 -1.53727575e+07  2.27e+02 5.79e+00  2.28e+00   195s
   5   3.63550220e+05 -1.27580016e+07  9.85e+01 1.07e+01  1.54e+00   196s
   6   1.42996100e+05 -9.12918952e+06  3.53e+01 3.36e+00  9.69e-01   198s
   7   1.07442894e+05 -8.19783688e+06  2.49e+01 3.00e+00  8.44e-01   199s
   8   9.43537607e+04 -7.45795594e+06  2.09e+01 2.72e+00  7.60e-01   200s
   9   7.23529024e+04 -6.41516787e+06  1.45e+01 2.34e+00  6.40e-01   202s
  10   4.68101892e+04 -3.53305115e+06  5.51e+00 1.29e+00  3.42e-01   205s
  11   2.96781395e+04 -1.61734366e+06  1.37e-01 5.68e-01  1.51e-01   208s
  12   2.42396293e+04 -2.68270069e+05  4.66e-03 9.53e-02  2.68e-02   210s
  13   2.12207464e+04 -1.37557911e+05  2.21e-03 5.00e-02  1.45e-02   212s
  14   1.94266356e+04 -9.07161334e+04  1.47e-03 3.43e-02  1.01e-02   213s
  15   1.87939387e+04 -7.83411936e+04  1.27e-03 2.99e-02  8.88e-03   215s
  16   1.72434355e+04 -6.02355307e+04  8.38e-04 2.35e-02  7.09e-03   216s
  17   1.63038805e+04 -5.87289654e+04  6.38e-04 4.70e-02  6.86e-03   218s
  18   1.53351037e+04 -4.75874017e+04  4.60e-04 3.21e-02  5.75e-03   219s
  19   1.39206978e+04 -3.89074903e+04  2.58e-04 2.10e-02  4.83e-03   222s
  20   1.33069137e+04 -3.17445673e+04  1.97e-04 1.41e-02  4.12e-03   225s
  21   1.18808039e+04 -2.36060637e+04  8.01e-05 1.13e-02  3.25e-03   228s
  22   1.05544646e+04 -1.89525727e+04  4.97e-05 9.67e-03  2.70e-03   231s
  23   9.96183338e+03 -1.25023215e+04  4.14e-05 7.26e-03  2.05e-03   234s
  24   8.86545124e+03 -8.69565987e+03  5.17e-05 5.82e-03  1.61e-03   237s
  25   7.79480314e+03 -5.66427189e+03  2.82e-05 7.14e-03  1.23e-03   240s
  26   6.87017861e+03 -1.73849990e+03  1.05e-05 3.15e-03  7.87e-04   243s
  27   6.38298050e+03  1.49045001e+03  5.61e-06 1.89e-03  4.47e-04   246s
  28   6.19737498e+03  2.90368445e+03  3.00e-06 2.89e-03  3.01e-04   248s
  29   6.08902602e+03  3.98977518e+03  1.56e-06 2.03e-03  1.92e-04   250s
  30   6.02652111e+03  4.49499451e+03  9.44e-07 1.47e-03  1.40e-04   251s
  31   5.97115419e+03  4.91051547e+03  4.57e-07 9.47e-04  9.70e-05   252s
  32   5.93536683e+03  5.22100260e+03  1.65e-07 4.70e-04  6.53e-05   254s
  33   5.90724946e+03  5.72199914e+03  4.63e-08 1.70e-04  1.69e-05   255s
  34   5.88986942e+03  5.87441314e+03  9.42e-09 5.29e-06  1.41e-06   257s
  35   5.88614639e+03  5.88424793e+03  2.34e-09 5.97e-07  1.74e-07   258s
  36   5.88495784e+03  5.88480157e+03  2.35e-07 3.63e-09  1.43e-08   260s
  37   5.88482286e+03  5.88482031e+03  3.10e-07 1.77e-11  2.36e-10   261s
  38   5.88482050e+03  5.88482050e+03  1.30e-11 9.09e-12  7.09e-16   263s

Barrier solved model in 38 iterations and 262.81 seconds
Optimal objective 5.88482050e+03


Root crossover log...

   27621 DPushes remaining with DInf 0.0000000e+00               264s
    2185 DPushes remaining with DInf 0.0000000e+00               265s
       0 DPushes remaining with DInf 0.0000000e+00               266s

      63 PPushes remaining with PInf 0.0000000e+00               266s
       0 PPushes remaining with PInf 0.0000000e+00               266s

  Push phase complete: Pinf 0.0000000e+00, Dinf 6.3570660e-10    266s


Root simplex log...

Iteration    Objective       Primal Inf.    Dual Inf.      Time
   27684    5.8848205e+03   0.000000e+00   0.000000e+00    267s
Concurrent spin time: 0.00s

Solved with barrier

Root relaxation: objective 5.884821e+03, 27684 iterations, 146.35 seconds
Total elapsed time = 270.84s
Total elapsed time = 275.29s

    Nodes    |    Current Node    |     Objective Bounds      |     Work
 Expl Unexpl |  Obj  Depth IntInf | Incumbent    BestBd   Gap | It/Node Time

     0     0 5884.82050    0  394 39534.0556 5884.82050  85.1%     -  295s
     0     0 5887.90626    0  409 39534.0556 5887.90626  85.1%     -  829s
     0     0 5894.37130    0  488 39534.0556 5894.37130  85.1%     - 1240s
     0     0 5897.92364    0  477 39534.0556 5897.92364  85.1%     - 1719s
     0     0 5899.57150    0  490 39534.0556 5899.57150  85.1%     - 1822s
     0     0 5904.87473    0  477 39534.0556 5904.87473  85.1%     - 1997s
     0     0 5905.90763    0  506 39534.0556 5905.90763  85.1%     - 2172s
