
Gurobi 9.0.2 (linux64, Python) logging started Fri Jun 12 12:41:18 2020

Using license file /share/apps/gurobi/9.0.2/gurobi_client.lic
Set parameter TokenServer to value 10.1.1.1
Set parameter LogFile to value Gpy_s3.log
Changed value of parameter TimeLimit to 3600.0
   Prev: inf  Min: 0.0  Max: inf  Default: inf
Gurobi Optimizer version 9.0.2 build v9.0.2rc0 (linux64)
Optimize a model with 3783 rows, 251248 columns and 1065350 nonzeros
Model fingerprint: 0x97e3705a
Variable types: 0 continuous, 251248 integer (251248 binary)
Coefficient statistics:
  Matrix range     [1e+00, 2e+01]
  Objective range  [1e+02, 2e+04]
  Bounds range     [1e+00, 1e+00]
  RHS range        [1e+00, 1e+02]
Found heuristic solution: objective 22465.730779
Presolve removed 252 rows and 77716 columns
Presolve time: 2.22s
Presolved: 3531 rows, 173532 columns, 834168 nonzeros
Found heuristic solution: objective 20562.145690
Variable types: 0 continuous, 173532 integer (173532 binary)

Root simplex log...

Iteration    Objective       Primal Inf.    Dual Inf.      Time
    4564    1.9632579e+03   4.115000e+01   0.000000e+00      5s
    9564    2.1521756e+03   1.534615e+01   0.000000e+00     10s
   11168    2.1784081e+03   0.000000e+00   0.000000e+00     12s

Root relaxation: objective 2.178408e+03, 11168 iterations, 9.71 seconds

    Nodes    |    Current Node    |     Objective Bounds      |     Work
 Expl Unexpl |  Obj  Depth IntInf | Incumbent    BestBd   Gap | It/Node Time

     0     0 2178.40806    0  104 20562.1457 2178.40806  89.4%     -   13s
H    0     0                    3523.4399695 2178.40806  38.2%     -   20s
     0     0 2184.17898    0   96 3523.43997 2184.17898  38.0%     -   22s
     0     0 2629.85009    0   99 3523.43997 2629.85009  25.4%     -   31s
     0     0 2637.42269    0   79 3523.43997 2637.42269  25.1%     -   36s
     0     0 2638.25990    0   65 3523.43997 2638.25990  25.1%     -   38s
     0     0 2639.38186    0   96 3523.43997 2639.38186  25.1%     -   39s
     0     0 2640.63206    0  144 3523.43997 2640.63206  25.1%     -   41s
     0     0 2642.19247    0  144 3523.43997 2642.19247  25.0%     -   45s
     0     2 2642.19247    0  144 3523.43997 2642.19247  25.0%     -   49s
     1     3 2687.84230    1   74 3523.43997 2687.84230  23.7%   977   53s
     3     4 2689.27369    2   74 3523.43997 2689.27369  23.7%  1248   55s
     9    14 2706.62706    4   79 3523.43997 2706.62706  23.2%   816   62s
    31    32 2711.89373    6   79 3523.43997 2711.89373  23.0%   564   66s
    91    78 2717.57084    9   70 3523.43997 2717.57084  22.9%   421   73s
   141   133 2722.56874   12   66 3523.43997 2722.56874  22.7%   327   75s
   268   231 2730.82116   15   52 3523.43997 2730.82116  22.5%   225   90s
H  276   231                    3523.4399568 2736.20861  22.3%   220   90s
H  285   231                    3343.5515066 2736.20861  18.2%   215   90s
   481   409 2779.83939   20   71 3343.55151 2751.56737  17.7%   172   96s
   661   557 2801.42628   22   81 3343.55151 2751.56737  17.7%   165  101s
   867   736 2806.30808   26   82 3343.55151 2751.56737  17.7%   149  105s
  1213  1058 2813.45977   33   86 3343.55151 2751.56737  17.7%   130  110s
  1742  1546 2818.74768   39   48 3343.55151 2751.56737  17.7%   116  115s
  2204  1875 2823.99156   46   67 3343.55151 2751.56737  17.7%   107  120s
  2348  1876 3053.32136   77   96 3343.55151 2751.56737  17.7%   108  150s
  2350  1877 3184.01561   64   71 3343.55151 2751.56737  17.7%   108  159s
  2351  1878 3266.44643   11   75 3343.55151 2751.56737  17.7%   108  161s
  2353  1879 3117.68842  128  122 3343.55151 2751.56737  17.7%   108  165s
  2356  1881 3093.19384  115  108 3343.55151 2751.56737  17.7%   108  170s
  2357  1883 2751.56737   14   67 3343.55151 2751.56737  17.7%   111  175s
  2365  1880 2774.43886   18  120 3343.55151 2774.43886  17.0%   115  183s
  2367  1882 2779.79067   19  120 3343.55151 2779.79067  16.9%   116  186s
  2369  1881     cutoff   20      3343.55151 2779.79067  16.9%   118  191s
  2373  1880 infeasible   21      3343.55151 2782.83903  16.8%   118  195s
  2377  1878 2788.86687   22   89 3343.55151 2784.88465  16.7%   118  201s
  2381  1877 2795.36598   23   82 3343.55151 2795.36598  16.4%   118  205s
  2385  1878 2796.94201   24   66 3343.55151 2795.36913  16.4%   119  212s
  2395  1876 2799.94739   26   66 3343.55151 2798.46214  16.3%   121  215s
  2409  1872 2804.38754   28   88 3343.55151 2804.38754  16.1%   123  221s
  2437  1868 2806.50595   31  104 3343.55151 2806.50595  16.1%   124  232s
  2465  1865 2807.32999   33  118 3343.55151 2806.74760  16.1%   128  235s
  2535  1857     cutoff   37      3343.55151 2810.57793  15.9%   134  240s
  2735  1877     cutoff   44      3343.55151 2814.85649  15.8%   134  246s
  2965  1896 2869.47709   43   59 3343.55151 2814.85649  15.8%   130  250s
  3219  1866 2874.10691   50   57 3343.55151 2814.85649  15.8%   136  255s
  3606  1935 2889.06078   62   37 3343.55151 2814.85649  15.8%   141  260s
  3870  2029     cutoff   69      3343.55151 2814.85649  15.8%   141  265s
  3969  2000     cutoff   70      3343.55151 2814.85649  15.8%   141  300s
H 3970  1904                    3325.4440408 2814.85649  15.4%   141  300s
H 3979  1812                    3317.2265967 2814.85649  15.1%   141  300s
  4001  1925 2902.53436   71   65 3317.22660 2814.85649  15.1%   142  305s
  4441  2036 3002.67095   88   34 3317.22660 2814.85649  15.1%   137  313s
  4613  2033 3006.36669   95   28 3317.22660 2814.85649  15.1%   136  317s
  4911  2072 3029.43084  109   34 3317.22660 2814.85649  15.1%   136  325s
  5529  2267 3131.92946  153   38 3317.22660 2814.85649  15.1%   133  333s
  5697  2260 3136.69736  158   12 3317.22660 2814.85649  15.1%   135  335s
  6129  2092 3167.04264  187   23 3317.22660 2825.28971  14.8%   140  342s
  6293  2052     cutoff  112      3317.22660 2825.89187  14.8%   144  347s
  6433  2015 infeasible   51      3317.22660 2826.50829  14.8%   146  352s
  6633  1970 infeasible   70      3317.22660 2827.77117  14.8%   148  357s
  6776  1948 infeasible   74      3317.22660 2828.37855  14.7%   151  361s
  6999  1874     cutoff  122      3317.22660 2829.23350  14.7%   152  366s
  7440  1681 infeasible   77      3317.22660 2835.58082  14.5%   156  371s
  7679  1753     cutoff  128      3317.22660 2847.18922  14.2%   158  375s
  7953  1838 2854.50232   68   62 3317.22660 2847.30775  14.2%   158  381s
  8465  2000 2860.31548   79   68 3317.22660 2847.30775  14.2%   158  388s
  8742  2149 2866.40092   84   38 3317.22660 2847.30775  14.2%   159  391s
  9007  2300 2875.44935   91   54 3317.22660 2847.30775  14.2%   161  395s
H 9268  2203                    3276.8499666 2847.30775  13.1%   163  395s
  9298  2508 2881.34168  101   43 3276.84997 2847.30775  13.1%   163  404s
* 9716  2492             211    3271.0846105 2847.30775  13.0%   163  404s
  9747  2876 2891.14375  111   43 3271.08461 2847.30775  13.0%   163  409s
 10299  3245 2925.28522  129   55 3271.08461 2847.30775  13.0%   162  415s
 10795  3450 3011.42490  138   46 3271.08461 2847.30775  13.0%   161  430s
 11182  3847 3055.23294  164   51 3271.08461 2847.30775  13.0%   162  435s
 11840  4372 3080.90082  205   48 3271.08461 2847.30775  13.0%   161  446s
 12767  4761 3100.43104  225   40 3271.08461 2847.30775  13.0%   155  454s
 13637  5245 3136.65190  255   54 3271.08461 2847.30775  13.0%   152  461s
 14566  5677 3143.81450  276   64 3271.08461 2847.30775  13.0%   149  469s
*14721  5250             233    3228.6344484 2847.30775  11.8%   148  469s
 15536  5523 3196.92467  349   57 3228.63445 2981.77647  7.65%   144  478s
 16384  5442     cutoff  204      3228.63445 2984.51509  7.56%   141  485s
 17281  5049     cutoff   91      3228.63445 3011.10634  6.74%   139  491s
 18074  4916 infeasible   44      3228.63445 3028.53844  6.20%   139  497s
 19080  4563 infeasible  184      3228.63445 3057.22587  5.31%   137  503s
 20075  4115     cutoff  189      3228.63445 3069.31548  4.93%   137  509s
 20888  3721     cutoff  322      3228.63445 3082.85367  4.52%   136  520s
 21613  3356 infeasible  297      3228.63445 3130.01403  3.05%   136  526s
 22332  2914 infeasible  283      3228.63445 3141.40690  2.70%   134  532s
 23132  2524     cutoff  266      3228.63445 3154.82452  2.29%   131  538s
 23816  2127 infeasible  260      3228.63445 3161.11394  2.09%   128  544s
 24542  1624 infeasible  241      3228.63445 3177.17575  1.59%   125  550s
 25182  1109 infeasible  163      3228.63445 3185.02192  1.35%   122  557s
 25728   640 infeasible  247      3228.63445 3194.53860  1.06%   119  564s
 26230   156 infeasible  169      3228.63445 3204.52438  0.75%   117  571s
 26714     0 infeasible  211      3228.63445 3217.17075  0.36%   115  575s

Cutting planes:
  Zero half: 17

Explored 26870 nodes (3103490 simplex iterations) in 575.75 seconds
Thread count was 20 (of 40 available processors)

Solution count 9: 3228.63 3271.08 3276.85 ... 22465.7

Optimal solution found (tolerance 1.00e-04)
Best objective 3.228634448356e+03, best bound 3.228634448356e+03, gap 0.0000%

    Variable            x 
-------------------------
x_0_0_64_4_96            1 
x_0_1_172_2_187            1 
x_0_2_187_0_208            1 
x_0_3_158_1_172            1 
x_0_4_96_7_123            1 
x_0_5_135_6_144            1 
x_0_6_144_3_158            1 
x_0_7_123_5_135            1 
