
Gurobi 9.0.2 (linux64, Python) logging started Wed Jun 17 21:36:32 2020

Using license file /share/apps/gurobi/9.0.2/gurobi_client.lic
Set parameter TokenServer to value 10.1.1.1
Set parameter LogFile to value Gpy_s33.log
Changed value of parameter TimeLimit to 3600.0
   Prev: inf  Min: 0.0  Max: inf  Default: inf
Gurobi Optimizer version 9.0.2 build v9.0.2rc0 (linux64)
Optimize a model with 7965 rows, 697089 columns and 3085107 nonzeros
Model fingerprint: 0x90c5d3e8
Variable types: 0 continuous, 697089 integer (697089 binary)
Coefficient statistics:
  Matrix range     [1e+00, 2e+01]
  Objective range  [5e+01, 1e+04]
  Bounds range     [1e+00, 1e+00]
  RHS range        [1e+00, 1e+02]
Found heuristic solution: objective 21314.893984
Presolve removed 552 rows and 178338 columns (presolve time = 6s) ...
Presolve removed 552 rows and 178338 columns
Presolve time: 6.73s
Presolved: 7413 rows, 518751 columns, 2520504 nonzeros
Found heuristic solution: objective 20387.582239
Variable types: 0 continuous, 518751 integer (518751 binary)

Root simplex log...

Iteration    Objective       Primal Inf.    Dual Inf.      Time
       0    0.0000000e+00   2.400000e+01   0.000000e+00      7s
    3179    1.4839066e+03   7.665625e+01   0.000000e+00     10s
    6759    1.8190681e+03   1.487857e+02   0.000000e+00     15s
    9599    1.9843161e+03   6.532500e+01   0.000000e+00     20s
   11789    2.0268300e+03   1.693333e+01   0.000000e+00     25s
   13759    2.0581715e+03   1.599875e+02   0.000000e+00     30s
   15699    2.0814312e+03   5.000000e+01   0.000000e+00     35s
   17449    2.0968345e+03   4.628571e+01   0.000000e+00     40s
   19179    2.1155923e+03   6.795595e+01   0.000000e+00     45s
   20779    2.1320842e+03   7.833333e+00   0.000000e+00     50s
   22329    2.1594142e+03   1.573242e+02   0.000000e+00     55s
   23789    2.1930304e+03   1.698109e+02   0.000000e+00     60s
   25169    2.2310020e+03   3.362837e+01   0.000000e+00     65s
   26319    2.2441448e+03   1.582553e+02   0.000000e+00     70s
   27629    2.2615016e+03   1.923012e+02   0.000000e+00     75s
   28610    2.2671823e+03   0.000000e+00   0.000000e+00     79s

Root relaxation: objective 2.267182e+03, 28610 iterations, 71.89 seconds

    Nodes    |    Current Node    |     Objective Bounds      |     Work
 Expl Unexpl |  Obj  Depth IntInf | Incumbent    BestBd   Gap | It/Node Time

     0     0 2267.66062    0  174 20387.5822 2267.66062  88.9%     -   88s
H    0     0                    18013.253513 2267.66062  87.4%     -   89s
     0     0 2267.66062    0  144 18013.2535 2267.66062  87.4%     -  218s
     0     0 2268.48189    0  159 18013.2535 2268.48189  87.4%     -  225s
     0     0 2268.90390    0  186 18013.2535 2268.90390  87.4%     -  234s
     0     0 2271.84690    0  232 18013.2535 2271.84690  87.4%     -  247s
H    0     0                    13372.253456 2271.84690  83.0%     -  248s
     0     0 2271.84690    0  211 13372.2535 2271.84690  83.0%     -  259s
     0     2 2271.84690    0  211 13372.2535 2271.84690  83.0%     -  578s
     1     2 2272.18242    1  241 13372.2535 2272.18242  83.0%   266  666s
     3     4 2272.45784    2  261 13372.2535 2272.45784  83.0% 15847  757s
     5     8 2273.28896    3  248 13372.2535 2273.28896  83.0% 11372  867s
     9    12 2273.29858    4  248 13372.2535 2273.29858  83.0%  7683  981s
    17    24 2273.29858    5  237 13372.2535 2273.29858  83.0%  9567 1207s
H   19    24                    5156.9565110 2273.29858  55.9%  8605 1207s
    29    31 2273.50223    6  214 5156.95651 2273.29858  55.9%  8137 1435s
    52    32 3236.71675    7  211 5156.95651 2273.50223  55.9%  5592 1617s
H   53    31                    5038.4471038 2273.50223  54.9%  5487 1760s
    55    32 3236.71675    7  164 5038.44710 2273.50223  54.9%  5287 1774s
    56    33 3387.58935    6  200 5038.44710 2273.50223  54.9%  5193 1834s
    57    33 3379.64627    7  180 5038.44710 2273.50223  54.9%  5101 1848s
    58    34 3268.52711    7  221 5038.44710 2273.50223  54.9%  5014 1875s
H   58    32                    5036.1053538 2273.50223  54.9%  5014 1930s
    60    33 3993.63944    7  146 5036.10535 2273.50223  54.9%  4846 1951s
    61    34 2780.68110    7  153 5036.10535 2273.50223  54.9%  4767 1958s
    62    35 2780.68110    7  146 5036.10535 2273.50223  54.9%  4690 1967s
    63    35 3189.50378    7  191 5036.10535 2273.50223  54.9%  4616 1981s
    64    36 3266.07250    7  212 5036.10535 2273.50223  54.9%  4544 1991s
    65    37 3993.23714    7  212 5036.10535 2273.50223  54.9%  4474 2002s
    67    38 3189.50378    7  230 5036.10535 2273.50223  54.9%  4340 2007s
    71    41 3265.94555    7  194 5036.10535 2273.50223  54.9%  4096 2018s
    72    41 3792.51190    7  198 5036.10535 2273.50223  54.9%  4039 2028s
    74    43 2274.51736    7  240 5036.10535 2274.51736  54.8%  3930 2031s
    76    44 3265.94555    7  263 5036.10535 2274.60325  54.8%  3826 2040s
    77    45 3268.52711    7  245 5036.10535 2274.70052  54.8%  3776 2050s
    78    45 3361.37850    7  267 5036.10535 2274.70052  54.8%  3728 2058s
    79    46 3980.78237    7  228 5036.10535 2274.70057  54.8%  3681 2066s
    80    47 2780.68110    7  228 5036.10535 2274.70057  54.8%  3635 2074s
    81    47 3269.56994    7  227 5036.10535 2274.75384  54.8%  3590 2092s
    82    48 3360.12766    7  227 5036.10535 2274.75384  54.8%  3546 2100s
    83    49 3792.51190    7  227 5036.10535 2274.75384  54.8%  3503 2176s
    84    50 2274.77068   11  157 5036.10535 2274.77068  54.8%  3861 2219s
    86    52 2275.33170   12  104 5036.10535 2275.33170  54.8%  3906 2312s
    88    53 2275.71011   13  128 5036.10535 2275.71011  54.8%  3944 2414s
    92    54 2276.62296   14  175 5036.10535 2276.62296  54.8%  3956 2484s
    98    56 2276.81482   15  173 5036.10535 2276.81482  54.8%  3938 2549s
H  103    51                    4706.5424477 2276.81482  51.6%  3859 2549s
   106    60 2277.19599   16  224 4706.54245 2277.19599  51.6%  3872 2604s
H  118    71                    4681.3224528 2277.19599  51.4%  3757 2854s
   138    78 2278.27581   18  158 4681.32245 2277.39602  51.4%  3512 2871s
   158    80 2781.60248   18  125 4681.32245 2278.27581  51.3%  3219 2914s
   178    93 2278.60416   19  181 4681.32245 2278.27581  51.3%  3108 2943s
   198   109 2776.80923   19  146 4681.32245 2278.60416  51.3%  2881 2986s
   232   130 2278.70008   20  181 4681.32245 2278.70008  51.3%  2622 3023s
   269   152 3059.68878   20  193 4681.32245 2278.70008  51.3%  2459 3073s
   301   168 2279.29055   21  159 4681.32245 2279.29055  51.3%  2321 3159s
   308   168 4290.56747   27   94 4681.32245 2279.29055  51.3%  2287 3160s
   331   197 2780.97120   21  165 4681.32245 2279.29055  51.3%  2195 3191s
   380   233 2280.02482   22  171 4681.32245 2279.33055  51.3%  2033 3217s
   425   265 3498.57992   22   91 4681.32245 2280.02482  51.3%  1932 3253s
   479   305 2280.78434   23  161 4681.32245 2280.02908  51.3%  1805 3282s
   535   358     cutoff   23      4681.32245 2280.78434  51.3%  1705 3306s
   601   419 2281.10402   24  161 4681.32245 2280.78761  51.3%  1576 3331s
   673   474     cutoff   24      4681.32245 2281.10402  51.3%  1458 3346s
   744   527 2281.80913   25  143 4681.32245 2281.12714  51.3%  1355 3372s
   825   583 2776.51488   25  146 4681.32245 2281.80913  51.3%  1270 3416s
H  887   583                    4622.6309795 2281.80913  50.6%  1219 3416s
   899   628 2321.11250   26  201 4622.63098 2281.80913  50.6%  1210 3498s
   972   672     cutoff   26      4622.63098 2321.11295  49.8%  1240 3554s
  1029   766 2321.37679   27  169 4622.63098 2321.15952  49.8%  1202 3590s
  1132   827 3218.84114   32  135 4622.63098 2321.15952  49.8%  1135 3600s

Cutting planes:
  Clique: 38
  Inf proof: 1
  Zero half: 32
  Mod-K: 2
  RLT: 10

Explored 1200 nodes (1331393 simplex iterations) in 3600.17 seconds
Thread count was 20 (of 40 available processors)

Solution count 10: 4622.63 4681.32 4706.54 ... 21314.9

Time limit reached
Best objective 4.622630979457e+03, best bound 2.321159517816e+03, gap 49.7870%

    Variable            x 
-------------------------
x_0_0_64_2_89            1 
x_0_1_96_5_124            1 
x_0_2_89_1_96            1 
x_0_3_148_0_184            1 
x_0_4_140_3_148            1 
x_0_5_124_4_140            1 
x_1_0_64_9_98            1 
x_1_6_134_0_169            1 
x_1_7_113_8_124            1 
x_1_8_124_6_134            1 
x_1_9_98_7_113            1 
