
Gurobi 9.0.2 (linux64, Python) logging started Fri Jun 12 14:59:39 2020

Using license file /share/apps/gurobi/9.0.2/gurobi_client.lic
Set parameter TokenServer to value 10.1.1.1
Set parameter LogFile to value Gpy_s17.log
Changed value of parameter TimeLimit to 3600.0
   Prev: inf  Min: 0.0  Max: inf  Default: inf
Gurobi Optimizer version 9.0.2 build v9.0.2rc0 (linux64)
Optimize a model with 18509 rows, 3161596 columns and 14958944 nonzeros
Model fingerprint: 0x1bf46a52
Variable types: 0 continuous, 3161596 integer (3161596 binary)
Coefficient statistics:
  Matrix range     [1e+00, 2e+01]
  Objective range  [2e+01, 2e+04]
  Bounds range     [1e+00, 1e+00]
  RHS range        [1e+00, 1e+02]
Presolve removed 2316 rows and 716589 columns (presolve time = 5s) ...
Presolve removed 2316 rows and 716589 columns (presolve time = 10s) ...
Presolve removed 2316 rows and 716589 columns (presolve time = 16s) ...
Presolve removed 2316 rows and 716589 columns (presolve time = 20s) ...
Presolve removed 2316 rows and 716589 columns (presolve time = 26s) ...
Presolve removed 2316 rows and 716589 columns (presolve time = 33s) ...
Presolve removed 2316 rows and 716589 columns (presolve time = 37s) ...
Presolve removed 2316 rows and 716589 columns
Presolve time: 37.18s
Presolved: 16193 rows, 2445007 columns, 11767436 nonzeros
Variable types: 0 continuous, 2445007 integer (2445007 binary)

Deterministic concurrent LP optimizer: primal and dual simplex
Showing first log only...


Root simplex log...

Iteration    Objective       Primal Inf.    Dual Inf.      Time
       0    4.8921429e+03   1.600000e+01   5.588281e+08     49s
   42168    2.3029408e+04   5.005405e+00   1.157461e+11     51s
   62119    2.4112468e+04   2.985129e+00   3.847934e+11     55s
   84067    2.3919912e+04   2.811928e+00   2.715178e+12     61s
  104159    2.4189401e+04   2.158782e+00   6.707856e+11     67s
  118609    3.8022499e+04   9.449954e-01   9.683586e+11     71s
  145934    3.6653708e+04   6.902552e-02   1.423998e+11     79s
  157630    3.3711296e+04   6.538010e-04   5.619097e+09     82s
  168693    2.9832306e+04   0.000000e+00   5.957282e+09     86s
  192575    2.2526054e+04   0.000000e+00   5.517072e+09     92s
  204497    1.8187237e+04   0.000000e+00   4.930034e+09     96s
  228538    1.2813126e+04   0.000000e+00   5.883721e+09    103s
  239913    1.1966413e+04   0.000000e+00   1.675777e+09    106s
  263889    1.0389398e+04   0.000000e+00   1.178534e+09    113s
  275662    9.8720286e+03   0.000000e+00   2.743288e+08    116s
  297421    9.3085596e+03   0.000000e+00   1.310486e+09    122s
  310838    8.8777622e+03   0.000000e+00   1.099816e+09    126s
  334753    8.1095770e+03   0.000000e+00   3.008772e+08    132s
  347207    7.4300475e+03   0.000000e+00   1.170407e+09    135s
  372276    6.5677037e+03   0.000000e+00   1.098608e+08    142s
  396333    5.7351552e+03   0.000000e+00   1.391988e+08    148s
  408035    5.4991068e+03   0.000000e+00   8.905727e+07    151s
  431007    4.9727223e+03   0.000000e+00   5.487583e+07    157s
  442157    4.8083644e+03   0.000000e+00   3.422658e+07    160s
  465346    4.4115117e+03   0.000000e+00   2.136340e+07    167s
  487240    4.1103895e+03   0.000000e+00   5.233595e+07    173s
  498676    4.0111056e+03   0.000000e+00   1.536837e+07    176s
  520721    3.8274363e+03   0.000000e+00   3.044096e+07    182s
  543235    3.6537572e+03   0.000000e+00   1.326371e+07    188s
  554129    3.5930996e+03   0.000000e+00   1.504446e+08    191s
  575671    3.4695388e+03   0.000000e+00   8.494717e+07    197s
  586369    3.4332990e+03   0.000000e+00   1.862813e+07    200s
  607613    3.3795914e+03   0.000000e+00   5.130786e+06    206s
  629443    3.3110977e+03   0.000000e+00   5.696592e+06    212s
  640607    3.2843263e+03   0.000000e+00   9.779000e+06    215s
  664109    3.2353177e+03   0.000000e+00   1.041708e+07    221s
  689062    3.1933575e+03   0.000000e+00   4.181711e+06    228s
  702006    3.1789303e+03   0.000000e+00   2.038542e+06    231s
  726770    3.1657697e+03   0.000000e+00   2.792229e+04    238s
  739957    3.1629669e+03   0.000000e+00   1.062462e+00    244s
  740083    6.0255910e+03   2.213803e+02   0.000000e+00    248s
  740193    6.0261452e+03   2.265193e+01   0.000000e+00    252s
  740293    6.0265993e+03   5.172887e+01   0.000000e+00    256s
  740413    6.0275253e+03   3.108910e+01   0.000000e+00    261s
  740603    6.0291048e+03   3.195999e+02   0.000000e+00    268s
  740703    6.0298454e+03   5.892099e+01   0.000000e+00    272s
  740833    6.0304103e+03   6.634383e+01   0.000000e+00    278s
  740933    6.0311484e+03   5.652709e+02   0.000000e+00    282s
  741113    6.0321312e+03   5.421411e+01   0.000000e+00    289s
  741193    6.0327686e+03   1.439947e+01   0.000000e+00    291s
  741303    6.0334276e+03   1.421804e+02   0.000000e+00    296s
  741463    6.0345021e+03   8.517565e+01   0.000000e+00    301s
  741573    6.0350569e+03   8.720751e+01   0.000000e+00    305s
  741763    6.0359974e+03   1.277950e+02   0.000000e+00    312s
  741853    6.0363247e+03   1.124925e+02   0.000000e+00    316s
  741943    6.0365659e+03   1.407026e+01   0.000000e+00    320s
  742153    6.0369936e+03   6.382693e+01   0.000000e+00    328s
  742263    6.0371848e+03   1.550317e+01   0.000000e+00    332s
  742383    6.0373736e+03   1.308361e+01   0.000000e+00    338s
  742503    6.0375612e+03   6.095491e+00   0.000000e+00    344s
  742623    6.0378034e+03   1.530407e+01   0.000000e+00    349s
  742743    6.0380064e+03   6.265316e+00   0.000000e+00    355s
  742883    6.0382452e+03   2.931350e+00   0.000000e+00    360s
  743123    6.0384251e+03   1.449026e-01   0.000000e+00    365s
  743206    6.0384346e+03   0.000000e+00   0.000000e+00    369s
Concurrent spin time: 24.74s

Solved with primal simplex

Root relaxation: objective 6.038435e+03, 743206 iterations, 349.12 seconds
Total elapsed time = 395.42s

    Nodes    |    Current Node    |     Objective Bounds      |     Work
 Expl Unexpl |  Obj  Depth IntInf | Incumbent    BestBd   Gap | It/Node Time

     0     0 6038.43459    0  245          - 6038.43459      -     -  409s
     0     0 6039.17273    0  258          - 6039.17273      -     -  505s
     0     0 6053.22399    0  287          - 6053.22399      -     -  624s
     0     0 6053.22399    0  293          - 6053.22399      -     -  638s
     0     0 6056.01091    0  281          - 6056.01091      -     -  686s
     0     0 6116.33842    0  279          - 6116.33842      -     -  878s
     0     0 6316.56785    0  239          - 6316.56785      -     - 1044s
     0     0 6335.37874    0  209          - 6335.37874      -     - 1088s
     0     0 6335.37874    0  207          - 6335.37874      -     - 1099s
     0     0 6335.79146    0  230          - 6335.79146      -     - 1117s
     0     0 6335.79146    0  193          - 6335.79146      -     - 1186s
     0     2 6335.79146    0  193          - 6335.79146      -     - 2986s
     1     4 6335.82796    1  193          - 6335.82796      -   531 3604s

Cutting planes:
  Implied bound: 2
  Clique: 1
  Zero half: 73

Explored 3 nodes (787895 simplex iterations) in 3604.90 seconds
Thread count was 20 (of 40 available processors)

Solution count 0

Time limit reached
Best objective -, best bound 6.335827958786e+03, gap -

    Variable            x 
-------------------------
