
Gurobi 9.0.2 (linux64, Python) logging started Fri Jun 12 14:23:41 2020

Using license file /share/apps/gurobi/9.0.2/gurobi_client.lic
Set parameter TokenServer to value 10.1.1.1
Set parameter LogFile to value Gpy_s14.log
Changed value of parameter TimeLimit to 3600.0
   Prev: inf  Min: 0.0  Max: inf  Default: inf
Gurobi Optimizer version 9.0.2 build v9.0.2rc0 (linux64)
Optimize a model with 15437 rows, 1888965 columns and 8716041 nonzeros
Model fingerprint: 0x16090de1
Variable types: 0 continuous, 1888965 integer (1888965 binary)
Coefficient statistics:
  Matrix range     [1e+00, 3e+01]
  Objective range  [5e+01, 2e+04]
  Bounds range     [1e+00, 1e+00]
  RHS range        [1e+00, 1e+02]
Found heuristic solution: objective 39778.984539
Presolve removed 1042 rows and 392357 columns (presolve time = 5s) ...
Presolve removed 1042 rows and 392357 columns (presolve time = 10s) ...
Presolve removed 1069 rows and 392357 columns (presolve time = 15s) ...
Presolve removed 1069 rows and 392357 columns (presolve time = 21s) ...
Presolve removed 1069 rows and 392357 columns
Presolve time: 21.36s
Presolved: 14368 rows, 1496608 columns, 7294574 nonzeros
Found heuristic solution: objective 38118.838831
Variable types: 0 continuous, 1496608 integer (1496608 binary)

Deterministic concurrent LP optimizer: primal and dual simplex
Showing first log only...


Root simplex log...

Iteration    Objective       Primal Inf.    Dual Inf.      Time
       0    1.8217326e+04   1.125000e+01   4.095894e+09     26s
   57770    1.8643454e+04   1.322455e+00   2.752480e+11     30s
   83979    1.8428697e+04   2.308672e-01   1.774056e+11     36s
   99931    1.7603156e+04   0.000000e+00   4.382508e+08     40s
  125618    1.6478417e+04   0.000000e+00   5.852306e+09     46s
  150533    5.8702474e+03   0.000000e+00   1.512997e+08     52s
  168487    5.2888094e+03   0.000000e+00   1.613456e+08     55s
  194316    4.7572644e+03   0.000000e+00   2.015954e+08     61s
  216142    4.3884737e+03   0.000000e+00   4.191762e+07     66s
  236701    4.1761722e+03   0.000000e+00   1.262371e+08     71s
  257518    3.9385121e+03   0.000000e+00   2.880833e+07     76s
  280160    3.1448171e+03   0.000000e+00   1.207128e+09     82s
  293989    2.8572573e+03   0.000000e+00   4.917389e+07     85s
  315336    2.5683726e+03   0.000000e+00   3.532547e+07     91s
  336423    2.4433341e+03   0.000000e+00   5.156469e+07     96s
  358675    2.3248521e+03   0.000000e+00   7.235825e+06    102s
  373089    2.2602532e+03   0.000000e+00   1.003427e+07    105s
  396029    2.1857983e+03   0.000000e+00   2.970114e+06    110s
  417546    2.1167855e+03   0.000000e+00   2.838358e+06    116s
  437382    2.0714379e+03   0.000000e+00   1.561966e+07    120s
  457495    2.0444890e+03   0.000000e+00   1.023396e+06    125s
  477601    2.0229080e+03   0.000000e+00   2.712454e+06    130s
  499137    2.0038674e+03   0.000000e+00   2.945575e+06    136s
  518242    1.9966903e+03   0.000000e+00   1.439346e+05    141s
  537752    1.9930265e+03   0.000000e+00   3.615939e+03    146s
  544802    3.6351326e+03   1.446274e+03   0.000000e+00    150s
  545452    3.6593499e+03   1.588754e+02   0.000000e+00    156s
  545762    3.6635197e+03   8.371082e+01   0.000000e+00    161s
  546112    3.6696218e+03   2.578648e+02   0.000000e+00    166s
  546412    3.6730365e+03   7.132991e+01   0.000000e+00    170s
  546662    3.6751769e+03   1.930241e+02   0.000000e+00    175s
  546992    3.6780776e+03   2.542601e+02   0.000000e+00    181s
  547232    3.6802675e+03   3.904664e+02   0.000000e+00    186s
  547502    3.6826814e+03   9.233826e+01   0.000000e+00    191s
  547782    3.6854321e+03   1.226967e+02   0.000000e+00    196s
  548042    3.6875525e+03   4.022821e+02   0.000000e+00    201s
  548312    3.6891652e+03   1.803128e+02   0.000000e+00    207s
  548492    3.6904819e+03   6.424151e+02   0.000000e+00    211s
  548732    3.6920425e+03   2.434523e+02   0.000000e+00    216s
  548962    3.6936182e+03   2.623856e+02   0.000000e+00    221s
  549222    3.6950980e+03   9.727630e+01   0.000000e+00    227s
  549442    3.6966025e+03   5.267598e+02   0.000000e+00    232s
  549662    3.6979987e+03   2.600148e+02   0.000000e+00    237s
  549882    3.6990273e+03   6.909154e+01   0.000000e+00    243s
  550012    3.6996913e+03   2.945767e+02   0.000000e+00    246s
  550262    3.7009115e+03   1.744974e+01   0.000000e+00    252s
  550392    3.7014876e+03   2.398776e+02   0.000000e+00    255s
  550612    3.7019531e+03   8.616630e+00   0.000000e+00    261s
  550852    3.7022629e+03   2.138192e+01   0.000000e+00    268s
  550972    3.7023961e+03   1.173691e+01   0.000000e+00    271s
  551212    3.7025427e+03   7.989799e+00   0.000000e+00    278s
  551332    3.7026243e+03   1.072444e+00   0.000000e+00    282s
  551572    3.7027977e+03   7.750472e+01   0.000000e+00    288s
  551692    3.7028878e+03   1.181149e+00   0.000000e+00    292s
  551812    3.7029564e+03   4.272357e-01   0.000000e+00    295s
  551985    3.7029717e+03   0.000000e+00   0.000000e+00    300s
Concurrent spin time: 19.66s

Solved with primal simplex

Root relaxation: objective 3.702972e+03, 551985 iterations, 296.67 seconds
Total elapsed time = 320.32s

    Nodes    |    Current Node    |     Objective Bounds      |     Work
 Expl Unexpl |  Obj  Depth IntInf | Incumbent    BestBd   Gap | It/Node Time

     0     0 3702.97169    0  237 38118.8388 3702.97169  90.3%     -  326s
H    0     0                    38034.431813 3702.97169  90.3%     -  704s
     0     0 3706.51528    0  285 38034.4318 3706.51528  90.3%     -  746s
     0     0 3708.52234    0  300 38034.4318 3708.52234  90.2%     -  815s
     0     0 3711.16904    0  377 38034.4318 3711.16904  90.2%     -  881s
     0     0 3711.22505    0  336 38034.4318 3711.22505  90.2%     -  898s
     0     0 3711.93675    0  356 38034.4318 3711.93675  90.2%     -  924s
     0     0 3717.02442    0  420 38034.4318 3717.02442  90.2%     -  999s
     0     0 3717.02442    0  381 38034.4318 3717.02442  90.2%     - 1112s
     0     2 3717.02442    0  380 38034.4318 3717.02442  90.2%     - 1537s
     1     4 3719.26277    1  343 38034.4318 3719.26277  90.2%  1570 1947s
     3     8 3719.44894    2  382 38034.4318 3719.44894  90.2%  4201 2269s
     7    14 3720.92447    3  347 38034.4318 3720.01862  90.2%  4411 2789s
    15    26 3721.53415    4  312 38034.4318 3720.93489  90.2%  7662 3335s
    29    40 3721.69840    5  338 38034.4318 3721.55717  90.2%  8043 3600s

Cutting planes:
  Zero half: 39

Explored 43 nodes (806801 simplex iterations) in 3601.59 seconds
Thread count was 20 (of 40 available processors)

Solution count 3: 38034.4 38118.8 39779 

Time limit reached
Best objective 3.803443181254e+04, best bound 3.721557173668e+03, gap 90.2153%

    Variable            x 
-------------------------
x_0_0_64_4_93            1 
x_0_4_93_7_112            1 
x_0_7_112_10_128            1 
x_0_10_128_16_170            1 
x_0_16_170_0_214            1 
x_1_0_64_3_130            1 
x_1_3_130_6_137            1 
x_1_6_137_12_153            1 
x_1_12_153_15_177            1 
x_1_15_177_0_221            1 
x_2_0_64_5_95            1 
x_2_5_95_8_112            1 
x_2_8_112_14_125            1 
x_2_14_125_0_155            1 
x_3_0_64_1_132            1 
x_3_1_132_2_147            1 
x_3_2_147_9_161            1 
x_3_9_161_11_184            1 
x_3_11_184_13_218            1 
x_3_13_218_0_242            1 
