
Gurobi 9.0.2 (linux64, Python) logging started Fri Jun 12 13:16:10 2020

Using license file /share/apps/gurobi/9.0.2/gurobi_client.lic
Set parameter TokenServer to value 10.1.1.1
Set parameter LogFile to value Gpy_s9.log
Changed value of parameter TimeLimit to 3600.0
   Prev: inf  Min: 0.0  Max: inf  Default: inf
Gurobi Optimizer version 9.0.2 build v9.0.2rc0 (linux64)
Optimize a model with 9813 rows, 1151131 columns and 5285237 nonzeros
Model fingerprint: 0xb0983756
Variable types: 0 continuous, 1151131 integer (1151131 binary)
Coefficient statistics:
  Matrix range     [1e+00, 2e+01]
  Objective range  [3e+01, 2e+04]
  Bounds range     [1e+00, 1e+00]
  RHS range        [1e+00, 1e+02]
Presolve removed 759 rows and 249137 columns (presolve time = 5s) ...
Presolve removed 765 rows and 249137 columns (presolve time = 11s) ...
Presolve removed 765 rows and 249137 columns
Presolve time: 13.09s
Presolved: 9048 rows, 901994 columns, 4370662 nonzeros
Variable types: 0 continuous, 901994 integer (901994 binary)

Root simplex log...

Iteration    Objective       Primal Inf.    Dual Inf.      Time
       0    0.0000000e+00   3.700000e+01   0.000000e+00     17s
    1566    2.8743190e+03   5.355556e+01   0.000000e+00     20s
    3286    3.0761485e+03   5.303030e+01   0.000000e+00     25s
    4816    3.1862408e+03   8.418226e+01   0.000000e+00     30s
    6522    3.4329027e+03   1.573993e+02   0.000000e+00     35s
    7732    3.5051154e+03   1.008699e+02   0.000000e+00     41s
    8922    3.5683598e+03   2.115836e+02   0.000000e+00     45s
   10592    3.6265635e+03   2.807546e+01   0.000000e+00     50s
   12002    3.6710591e+03   2.584008e+02   0.000000e+00     56s
   13032    3.6954911e+03   1.386706e+02   0.000000e+00     61s
   13922    3.7222568e+03   6.934540e+01   0.000000e+00     65s
   14852    3.7476874e+03   9.908881e+01   0.000000e+00     70s
   15842    3.7832383e+03   2.429178e+01   0.000000e+00     75s
   16832    3.8133780e+03   1.221335e+02   0.000000e+00     81s
   17422    3.8248388e+03   2.116076e+01   0.000000e+00     85s
   18102    3.8389065e+03   9.183608e+01   0.000000e+00     90s
   18842    3.8539671e+03   4.939223e+01   0.000000e+00     96s
   19762    3.8907116e+03   7.257683e+01   0.000000e+00    100s
   20562    3.9203845e+03   8.276283e+01   0.000000e+00    105s
   21482    3.9598905e+03   3.708814e+01   0.000000e+00    111s
   22012    3.9741530e+03   4.187449e+01   0.000000e+00    115s
   22682    3.9860950e+03   6.371270e+02   0.000000e+00    120s
   23222    4.0001533e+03   3.217324e+02   0.000000e+00    125s
   23812    4.0130453e+03   3.012469e+02   0.000000e+00    131s
   24302    4.0218097e+03   4.974113e+01   0.000000e+00    136s
   24922    4.0328139e+03   6.958193e+01   0.000000e+00    141s
   25332    4.0384825e+03   2.821183e+02   0.000000e+00    145s
   25962    4.0506758e+03   1.888893e+02   0.000000e+00    151s
   26482    4.0583931e+03   1.332090e+02   0.000000e+00    156s
   26892    4.0635611e+03   6.701556e+01   0.000000e+00    160s
   27402    4.0735579e+03   3.263317e+01   0.000000e+00    165s
   27932    4.0822125e+03   5.267712e+01   0.000000e+00    171s
   28532    4.0998926e+03   6.094890e+01   0.000000e+00    176s
   29002    4.1111582e+03   6.083466e+01   0.000000e+00    180s
   29592    4.1252882e+03   6.624348e+01   0.000000e+00    186s
   30142    4.1361315e+03   2.399270e+02   0.000000e+00    191s
   30682    4.1517147e+03   1.287108e+03   0.000000e+00    196s
   31242    4.1664727e+03   8.835696e+00   0.000000e+00    201s
   31672    4.1737686e+03   5.638065e+01   0.000000e+00    205s
   32152    4.1808072e+03   1.336533e+01   0.000000e+00    210s
   32792    4.1929972e+03   7.403399e+01   0.000000e+00    215s
   33262    4.1992500e+03   7.135197e+01   0.000000e+00    221s
   33702    4.2023606e+03   2.967477e+01   0.000000e+00    226s
   34192    4.2093902e+03   7.808008e-01   0.000000e+00    232s
   34662    4.2308091e+03   7.750248e+01   0.000000e+00    236s
   35102    4.2385572e+03   1.281106e+00   0.000000e+00    240s
   35552    4.2435546e+03   2.725940e+01   0.000000e+00    245s
   36202    4.2624223e+03   3.706285e+00   0.000000e+00    250s
   36902    4.2775355e+03   7.388185e+00   0.000000e+00    256s
   37542    4.2891340e+03   1.371596e+01   0.000000e+00    260s
   38172    4.2969289e+03   2.419540e+00   0.000000e+00    266s
   38609    4.3034485e+03   0.000000e+00   0.000000e+00    269s

Root relaxation: objective 4.303449e+03, 38609 iterations, 252.58 seconds
Total elapsed time = 270.04s

    Nodes    |    Current Node    |     Objective Bounds      |     Work
 Expl Unexpl |  Obj  Depth IntInf | Incumbent    BestBd   Gap | It/Node Time

     0     0 4303.44854    0  230          - 4303.44854      -     -  273s
     0     0 4306.12724    0  210          - 4306.12724      -     -  319s
     0     0 4310.47278    0  259          - 4310.47278      -     -  340s
H    0     0                    33301.887276 4310.47278  87.1%     -  342s
     0     0 4316.42546    0  231 33301.8873 4316.42546  87.0%     -  469s
     0     0 4318.15110    0  257 33301.8873 4318.15110  87.0%     -  480s
     0     0 4318.58753    0  231 33301.8873 4318.58753  87.0%     -  488s
     0     0 4318.63557    0  230 33301.8873 4318.63557  87.0%     -  517s
H    0     0                    23728.591985 4318.63557  81.8%     -  518s
     0     0 4318.63557    0  227 23728.5920 4318.63557  81.8%     -  553s
     0     2 4318.63557    0  227 23728.5920 4318.63557  81.8%     -  718s
     1     4 4318.84742    1  227 23728.5920 4318.84742  81.8%  80.0  862s
     3     8 4320.04864    2  227 23728.5920 4320.04864  81.8%  2960  967s
     7    14 4320.51894    3  209 23728.5920 4320.51894  81.8%  2964 1116s
    15    28 4321.33419    4  213 23728.5920 4321.33419  81.8%  4467 1347s
H   29    40                    22558.081612 4321.33577  80.8%  4188 1867s
H   40    40                    21623.240103 4321.38693  80.0%  3190 1867s
H   42    40                    20839.337803 4321.38693  79.3%  3042 1867s
    49    58 4322.54898    6  213 20839.3378 4322.54898  79.3%  4987 2000s
H   62    58                    20820.381360 4322.59729  79.2%  4175 2000s
    69    78 4323.93155    7  213 20820.3814 4322.59973  79.2%  4644 2150s
    89    96 4324.82625    8  227 20820.3814 4322.59973  79.2%  3991 2496s
   109   131 4325.62435    9  236 20820.3814 4322.59973  79.2%  4274 2638s
   144   160 4327.04180   11  227 20820.3814 4322.59973  79.2%  3540 2869s
   177   196 4331.90856   13  265 20820.3814 4322.59973  79.2%  3332 2914s
   214   241 4332.33738   14  251 20820.3814 4322.59973  79.2%  2828 3026s
*  231   241              14    16402.481212 4322.59973  73.6%  2668 3026s
H  243   241                    16084.177182 4322.59973  73.1%  2540 3026s
   264   279 4333.49768   17  268 16084.1772 4322.59973  73.1%  2416 3221s
   312   321 4333.87285   18  246 16084.1772 4322.59973  73.1%  2253 3373s
H  354   321                    15979.421821 4322.59973  72.9%  2020 3373s
   365   371 4334.18074   19  253 15979.4218 4322.59973  72.9%  2060 3572s
   431   412 4336.13453   23  261 15979.4218 4322.59973  72.9%  1898 3600s

Cutting planes:
  Clique: 9
  Zero half: 25

Explored 482 nodes (872225 simplex iterations) in 3600.44 seconds
Thread count was 20 (of 40 available processors)

Solution count 9: 15979.4 16084.2 16402.5 ... 33301.9

Time limit reached
Best objective 1.597942182144e+04, best bound 4.322599725173e+03, gap 72.9490%

    Variable            x 
-------------------------
x_0_0_64_13_86            1 
x_0_1_155_0_177            1 
x_0_3_96_11_116            1 
x_0_4_138_1_155            1 
x_0_10_125_4_138            1 
x_0_11_116_10_125            1 
x_0_13_86_3_96            1 
x_1_0_64_2_93            1 
x_1_2_93_12_128            1 
x_1_6_166_7_184            1 
x_1_7_184_9_216            1 
x_1_8_145_6_166            1 
x_1_9_216_0_257            1 
x_1_12_128_8_145            1 
x_2_0_64_5_98            1 
x_2_5_98_0_117            1 
