
Gurobi 9.0.2 (linux64, Python) logging started Fri Jun 12 12:41:54 2020

Using license file /share/apps/gurobi/9.0.2/gurobi_client.lic
Set parameter TokenServer to value 10.1.1.1
Set parameter LogFile to value Gpy_s7.log
Changed value of parameter TimeLimit to 3600.0
   Prev: inf  Min: 0.0  Max: inf  Default: inf
Gurobi Optimizer version 9.0.2 build v9.0.2rc0 (linux64)
Optimize a model with 6185 rows, 545464 columns and 2435030 nonzeros
Model fingerprint: 0xb7c778a7
Variable types: 0 continuous, 545464 integer (545464 binary)
Coefficient statistics:
  Matrix range     [1e+00, 2e+01]
  Objective range  [1e+02, 2e+04]
  Bounds range     [1e+00, 1e+00]
  RHS range        [1e+00, 1e+02]
Found heuristic solution: objective 32146.035755
Presolve removed 378 rows and 129634 columns (presolve time = 5s) ...
Presolve removed 378 rows and 129634 columns
Presolve time: 5.38s
Presolved: 5807 rows, 415830 columns, 2037288 nonzeros
Found heuristic solution: objective 31890.105193
Variable types: 0 continuous, 415830 integer (415830 binary)

Root simplex log...

Iteration    Objective       Primal Inf.    Dual Inf.      Time
       0    0.0000000e+00   3.000000e+01   0.000000e+00      6s
    3845    6.8148132e+03   5.198113e+01   0.000000e+00     10s
    6730    7.0479099e+03   5.701243e+01   0.000000e+00     15s
    8940    7.1244841e+03   1.836516e+02   0.000000e+00     20s
   10850    7.1693902e+03   4.962496e+01   0.000000e+00     25s
   13060    7.2416041e+03   2.493939e+01   0.000000e+00     30s
   14710    7.2718390e+03   4.182949e+01   0.000000e+00     35s
   16170    7.3001640e+03   1.473438e+02   0.000000e+00     40s
   17670    7.3233786e+03   2.744082e+01   0.000000e+00     45s
   19060    7.3478136e+03   1.844863e+02   0.000000e+00     50s
   20450    7.3655204e+03   1.605474e+02   0.000000e+00     55s
   21740    7.4016065e+03   5.284661e+01   0.000000e+00     60s
   23230    7.4431577e+03   3.801351e+01   0.000000e+00     65s
   24410    7.4748220e+03   1.152636e+02   0.000000e+00     70s
   25440    7.5009431e+03   5.693811e+01   0.000000e+00     76s
   26380    7.5150998e+03   1.644529e+01   0.000000e+00     80s
   27490    7.5320477e+03   1.251943e+02   0.000000e+00     85s
   28480    7.5489611e+03   4.155440e+01   0.000000e+00     90s
   29510    7.5645631e+03   2.907630e+01   0.000000e+00     95s
   30640    7.5787883e+03   1.095402e+02   0.000000e+00    100s
   31700    7.6041330e+03   1.040996e+02   0.000000e+00    105s
   32800    7.6264589e+03   1.313519e+02   0.000000e+00    110s
   33700    7.6425264e+03   1.946668e+02   0.000000e+00    115s
   34600    7.6670186e+03   1.505345e+02   0.000000e+00    120s
   35560    7.6788871e+03   9.000716e+01   0.000000e+00    125s
   36500    7.6932867e+03   1.225094e+02   0.000000e+00    130s
   37450    7.7154223e+03   3.941501e+02   0.000000e+00    135s
   38310    7.7376561e+03   3.048610e+01   0.000000e+00    140s
   39340    7.7815448e+03   4.866242e+01   0.000000e+00    145s
   40390    7.8224528e+03   3.754178e+02   0.000000e+00    150s
   41270    7.8370826e+03   1.519560e+01   0.000000e+00    155s
   42160    7.8443788e+03   3.370374e+01   0.000000e+00    161s
   43030    7.8567607e+03   1.118633e+01   0.000000e+00    166s
   43760    7.8650798e+03   4.139871e+00   0.000000e+00    170s
   44525    7.8718080e+03   0.000000e+00   0.000000e+00    175s

Root relaxation: objective 7.871808e+03, 44525 iterations, 169.35 seconds

    Nodes    |    Current Node    |     Objective Bounds      |     Work
 Expl Unexpl |  Obj  Depth IntInf | Incumbent    BestBd   Gap | It/Node Time

     0     0 7871.80797    0  218 31890.1052 7871.80797  75.3%     -  177s
H    0     0                    31833.938157 7871.80797  75.3%     -  185s
     0     0 7874.07741    0  220 31833.9382 7874.07741  75.3%     -  197s
     0     0 7874.30576    0  244 31833.9382 7874.30576  75.3%     -  212s
H    0     0                    31820.325648 7874.30576  75.3%     -  220s
     0     0 7874.44277    0  256 31820.3256 7874.44277  75.3%     -  223s
     0     0 7875.01574    0  258 31820.3256 7875.01574  75.3%     -  231s
     0     0 7875.03226    0  258 31820.3256 7875.03226  75.3%     -  241s
     0     0 7875.05497    0  256 31820.3256 7875.05497  75.3%     -  249s
     0     0 7875.06141    0  258 31820.3256 7875.06141  75.3%     -  252s
H    0     0                    30991.585953 7875.06141  74.6%     -  253s
     0     0 7875.11808    0  253 30991.5860 7875.11808  74.6%     -  255s
     0     0 7875.13438    0  251 30991.5860 7875.13438  74.6%     -  257s
     0     0 7875.17458    0  253 30991.5860 7875.17458  74.6%     -  260s
     0     0 7875.17950    0  251 30991.5860 7875.17950  74.6%     -  262s
     0     0 7875.21913    0  253 30991.5860 7875.21913  74.6%     -  265s
H    0     0                    30958.721156 7875.21913  74.6%     -  273s
     0     0 7875.23602    0  253 30958.7212 7875.23602  74.6%     -  274s
     0     0 7875.26039    0  253 30958.7212 7875.26039  74.6%     -  276s
     0     0 7875.28548    0  253 30958.7212 7875.28548  74.6%     -  279s
     0     0 7875.36719    0  262 30958.7212 7875.36719  74.6%     -  282s
     0     0 7875.36719    0  262 30958.7212 7875.36719  74.6%     -  305s
     0     2 8062.69787    0  258 30958.7212 8062.69787  74.0%     -  371s
     1     4 8062.69787    1  222 30958.7212 8062.69787  74.0%   498  479s
     3     6 8062.69787    2  250 30958.7212 8062.69787  74.0%  7197  615s
     7    12 8062.69787    3  221 30958.7212 8062.69787  74.0%  6591  727s
H    9    12                    18400.547799 8062.69787  56.2%  5237  727s
    13    22 8062.69787    4  235 18400.5478 8062.69787  56.2%  5802  786s
    25    34 8062.69787    5  251 18400.5478 8062.69787  56.2%  4526  884s
H   45    48                    18399.536724 8062.69787  56.2%  3551  952s
H   46    48                    17661.695113 8062.69787  54.3%  3476  952s
    65    63 8062.69787    7  280 17661.6951 8062.69787  54.3%  3069  989s
    85    79 8062.69787    8  263 17661.6951 8062.69787  54.3%  2753 1023s
   105   108 8062.69787    9  249 17661.6951 8062.69787  54.3%  2469 1050s
H  130   108                    16995.586872 8062.69787  52.6%  2105 1050s
   140   126 8062.69787   10  262 16995.5869 8062.69787  52.6%  1979 1064s
   173   140 8062.69787   11  265 16995.5869 8062.69787  52.6%  1699 1081s
   207   159 8062.69787   12  223 16995.5869 8062.69787  52.6%  1497 1093s
   252   192 8062.69787   13  213 16995.5869 8062.69787  52.6%  1298 1159s
   296   224 8062.69787   15  226 16995.5869 8062.69787  52.6%  1296 1173s
   341   264 8062.69787   17  233 16995.5869 8062.69787  52.6%  1179 1184s
H  397   279                    16994.664953 8062.69787  52.6%  1042 1231s
   420   329 8062.69787   19  240 16994.6650 8062.69787  52.6%   997 1270s
   491   344 8062.69787   21  247 16994.6650 8062.69787  52.6%   927 1392s
H  495   344                    16353.756387 8062.69787  50.7%   926 1392s
H  507   344                    15620.072285 8062.69787  48.4%   907 1393s
   515   315 8062.69787   22  238 15620.0723 8062.69787  48.4%   903 1490s
   593   346 8062.69787   24  246 15620.0723 8062.69787  48.4%  1010 1565s
   655   395 8062.69787   26  248 15620.0723 8062.69787  48.4%  1016 1646s
   723   478 8062.69787   27  256 15620.0723 8062.69787  48.4%   996 1678s
   819   575 8062.69787   30  234 15620.0723 8062.69787  48.4%   923 1706s
   929   686 8062.69787   32  256 15620.0723 8062.69787  48.4%   846 1730s
  1052   791 8062.69787   35  231 15620.0723 8062.69787  48.4%   777 1768s
  1172   928 8062.69787   37  243 15620.0723 8062.69787  48.4%   751 1783s
  1329  1103 8062.69787   40  282 15620.0723 8062.69787  48.4%   691 1806s
  1520  1261 8062.69787   42  265 15620.0723 8062.69787  48.4%   630 1881s
  1728  1301 8062.69787   44  254 15620.0723 8062.69787  48.4%   591 1896s
  1968  1503 8062.69787   46  241 15620.0723 8062.69787  48.4%   538 1914s
  2213  1741 8062.69787   50  237 15620.0723 8062.69787  48.4%   498 1974s
  2509  1742 15425.4500  104  262 15620.0723 8062.69787  48.4%   462 2333s
  2511  1743 15417.9067   76  222 15620.0723 8062.69787  48.4%   461 2573s
  2512  1744 15277.1017   35  231 15620.0723 8062.69787  48.4%   461 2591s
  2513  1745 15418.9017   73  286 15620.0723 8062.69787  48.4%   461 2632s
  2514  1745 15439.8809  177  277 15620.0723 8062.69787  48.4%   461 2651s
  2515  1746 15561.0522   80  262 15620.0723 8062.69787  48.4%   460 2690s
  2517  1747 15344.7172   39  262 15620.0723 8065.51657  48.4%   460 2708s
  2518  1750 8065.51657   16  269 15620.0723 8065.51657  48.4%   479 2869s
  2520  1751 8065.51657   17  236 15620.0723 8065.51657  48.4%   488 3005s
  2523  1752 8065.51657   18  236 15620.0723 8065.51657  48.4%   495 3131s
  2528  1753 8065.51657   19  236 15620.0723 8065.51657  48.4%   499 3244s
  2535  1754 8065.51657   20  229 15620.0723 8065.51657  48.4%   507 3378s
  2544  1753 8065.51657   21  223 15620.0723 8065.51657  48.4%   519 3475s
H 2548  1664                    15614.943965 8065.51657  48.3%   519 3475s
  2557  1667 8065.51657   22  240 15614.9440 8065.51657  48.3%   535 3597s
  2572  1662 15156.3275   23  154 15614.9440 8065.51657  48.3%   551 3600s

Cutting planes:
  Clique: 4
  Zero half: 8

Explored 2577 nodes (1464947 simplex iterations) in 3600.78 seconds
Thread count was 20 (of 40 available processors)

Solution count 10: 15614.9 15620.1 16353.8 ... 30991.6

Time limit reached
Best objective 1.561494396538e+04, best bound 8.065516567964e+03, gap 48.3475%

    Variable            x 
-------------------------
x_0_0_64_1_133            1 
x_0_1_133_6_152            1 
x_0_4_218_0_254            1 
x_0_6_152_10_167            1 
x_0_7_206_4_218            1 
x_0_8_192_7_206            1 
x_0_9_177_8_192            1 
x_0_10_167_9_177            1 
x_1_0_64_11_78            1 
x_1_2_87_3_100            1 
x_1_3_100_5_114            1 
x_1_5_114_0_133            1 
x_1_11_78_2_87            1 
