
Gurobi 9.0.2 (linux64, Python) logging started Wed Jun 17 20:07:13 2020

Using license file /share/apps/gurobi/9.0.2/gurobi_client.lic
Set parameter TokenServer to value 10.1.1.1
Set parameter LogFile to value Gpy_s29.log
Changed value of parameter TimeLimit to 3600.0
   Prev: inf  Min: 0.0  Max: inf  Default: inf
Gurobi Optimizer version 9.0.2 build v9.0.2rc0 (linux64)
Optimize a model with 7983 rows, 685197 columns and 3030192 nonzeros
Model fingerprint: 0x4ace16ac
Variable types: 0 continuous, 685197 integer (685197 binary)
Coefficient statistics:
  Matrix range     [1e+00, 2e+01]
  Objective range  [7e+01, 1e+04]
  Bounds range     [1e+00, 1e+00]
  RHS range        [1e+00, 1e+02]
Found heuristic solution: objective 26041.177001
Presolve removed 543 rows and 174528 columns (presolve time = 6s) ...
Presolve removed 543 rows and 174528 columns
Presolve time: 6.68s
Presolved: 7440 rows, 510669 columns, 2478654 nonzeros
Found heuristic solution: objective 22962.107788
Variable types: 0 continuous, 510669 integer (510669 binary)

Root simplex log...

Iteration    Objective       Primal Inf.    Dual Inf.      Time
       0    0.0000000e+00   2.400000e+01   0.000000e+00      7s
    3278    1.5709212e+03   6.600000e+01   0.000000e+00     10s
    6708    1.8179040e+03   2.256713e+02   0.000000e+00     15s
    8963    1.9201960e+03   7.333333e+01   0.000000e+00     20s
   11243    1.9927651e+03   4.735764e+01   0.000000e+00     25s
   13423    2.0327658e+03   1.640000e+01   0.000000e+00     30s
   15293    2.0646172e+03   9.593750e+00   0.000000e+00     35s
   17103    2.0874317e+03   7.218119e+01   0.000000e+00     40s
   18623    2.1124690e+03   9.041667e+01   0.000000e+00     45s
   20203    2.1418261e+03   7.904487e+01   0.000000e+00     50s
   21433    2.1517704e+03   1.899121e+01   0.000000e+00     56s
   22423    2.1625154e+03   3.184924e+02   0.000000e+00     60s
   23242    2.1696997e+03   0.000000e+00   0.000000e+00     65s

Root relaxation: objective 2.169700e+03, 23242 iterations, 57.96 seconds

    Nodes    |    Current Node    |     Objective Bounds      |     Work
 Expl Unexpl |  Obj  Depth IntInf | Incumbent    BestBd   Gap | It/Node Time

     0     0 2169.71640    0  155 22962.1078 2169.71640  90.6%     -   70s
H    0     0                    21613.286403 2169.71640  90.0%     -  133s
     0     0 2169.71640    0  156 21613.2864 2169.71640  90.0%     -  137s
     0     0 2170.58365    0  168 21613.2864 2170.58365  90.0%     -  146s
     0     0 2170.58365    0  189 21613.2864 2170.58365  90.0%     -  151s
     0     0 2170.58365    0  168 21613.2864 2170.58365  90.0%     -  154s
     0     0 2171.88638    0  185 21613.2864 2171.88638  90.0%     -  159s
     0     0 2171.88638    0  169 21613.2864 2171.88638  90.0%     -  163s
     0     0 2171.97997    0  139 21613.2864 2171.97997  90.0%     -  165s
     0     0 2171.97997    0  138 21613.2864 2171.97997  90.0%     -  166s
     0     0 2171.98385    0  137 21613.2864 2171.98385  90.0%     -  168s
     0     0 2171.98385    0  134 21613.2864 2171.98385  90.0%     -  170s
     0     0 2172.08304    0  139 21613.2864 2172.08304  90.0%     -  173s
     0     0 2172.08304    0  136 21613.2864 2172.08304  90.0%     -  175s
     0     0 2172.08801    0  139 21613.2864 2172.08801  90.0%     -  177s
     0     0 2172.08801    0  139 21613.2864 2172.08801  90.0%     -  190s
     0     2 2172.08801    0  138 21613.2864 2172.08801  90.0%     -  284s
     1     4 2172.63453    1  183 21613.2864 2172.63453  89.9%   356  378s
     3     8 2172.86345    2  204 21613.2864 2172.86345  89.9%  2459  450s
H    4     8                    4553.2059702 2172.86488  52.3%  1844  450s
H    5     8                    4550.8778518 2172.86488  52.3%  1481  450s
     7    16 2173.05921    3  198 4550.87785 2173.05921  52.2%  3312  501s
    16    17 3333.99914    4  139 4550.87785 2173.05921  52.2%  3154  647s
    18    18 3274.85998    4  159 4550.87785 2173.05921  52.2%  2804  885s
    19    19 2668.63741    4  157 4550.87785 2173.05921  52.2%  2656  901s
    20    20 2173.05921    4  164 4550.87785 2173.05921  52.2%  2523  905s
    21    20 2808.62484    4  187 4550.87785 2173.05921  52.2%  2403  948s
    22    21 3311.42767    4  155 4550.87785 2173.05921  52.2%  2294  966s
    23    22 3311.42767    4  156 4550.87785 2173.05921  52.2%  2194  976s
    24    22 2668.63741    4  150 4550.87785 2173.05921  52.2%  2103  988s
    25    23 2668.63741    4  184 4550.87785 2173.05921  52.2%  2019  992s
    27    24 3236.07756    4  179 4550.87785 2173.05921  52.2%  1869 1005s
    28    25 3240.05523    4  240 4550.87785 2173.56073  52.2%  1802 1044s
    29    26 3240.05523    4  218 4550.87785 2173.56073  52.2%  1740 1059s
    30    26 2671.56965    4  218 4550.87785 2173.56073  52.2%  1682 1125s
    31    28 2174.83628   10  240 4550.87785 2174.83628  52.2%  2462 1207s
    33    29 2174.84676   11  217 4550.87785 2174.84676  52.2%  2890 1265s
    35    33 2174.99385   12  238 4550.87785 2174.99385  52.2%  2962 1337s
    39    37 2175.82203   13  238 4550.87785 2175.82203  52.2%  2940 1383s
    47    45 2176.05577   14  194 4550.87785 2176.05577  52.2%  2728 1423s
    61    58 2176.16332   15  169 4550.87785 2176.05621  52.2%  2689 1523s
H   67    54                    4550.8773467 2176.05621  52.2%  2457 1523s
    81    69 2176.52447   16  151 4550.87735 2176.52447  52.2%  2445 1578s
H   98    62                    4507.9792062 2176.52447  51.7%  2071 1578s
   101    78 2681.01971   16  127 4507.97921 2176.52447  51.7%  2157 1615s
   121    98 2177.60700   17  203 4507.97921 2176.52447  51.7%  1922 1646s
   141   130 2671.88512   17  140 4507.97921 2177.60700  51.7%  1723 1680s
   175   159 2177.76467   18  217 4507.97921 2177.76467  51.7%  1485 1702s
   208   189 2822.57208   18  148 4507.97921 2177.76467  51.7%  1342 1735s
   244   226 2178.40575   19  177 4507.97921 2177.76467  51.7%  1196 1768s
   285   263 2675.53021   19  169 4507.97921 2178.40575  51.7%  1137 1796s
   326   305 2178.70260   20  147 4507.97921 2178.70260  51.7%  1056 1816s
   372   353     cutoff   20      4507.97921 2178.70539  51.7%  1001 1849s
   428   400 2178.85564   21  145 4507.97921 2178.71113  51.7%   917 1870s
   486   459     cutoff   21      4507.97921 2178.85564  51.7%   909 1891s
   559   522 2179.14296   22  197 4507.97921 2179.14296  51.7%   820 1914s
   643   538     cutoff   22      4507.97921 2179.14296  51.7%   760 2602s
H  644   538                    4502.4320382 2179.14296  51.6%   759 2602s
H  646   538                    4502.4311471 2179.14296  51.6%   757 2602s
H  649   538                    4460.2116521 2179.14296  51.1%   754 2602s
   663   578 2181.21049   23  190 4460.21165 2179.14296  51.1%   741 2639s
   719   633 3592.87989   23   91 4460.21165 2181.21049  51.1%   728 2690s
   795   685 2181.31672   24  190 4460.21165 2181.21864  51.1%   681 2728s
   877   773 4141.09247   24  104 4460.21165 2181.31672  51.1%   666 2776s
   989   859 2181.38367   25  211 4460.21165 2181.38367  51.1%   625 2817s
  1097   968 2846.26908   25  183 4460.21165 2181.38367  51.1%   607 2864s
  1224  1077 2181.57580   26  207 4460.21165 2181.38367  51.1%   572 2887s
  1364  1186     cutoff   26      4460.21165 2181.57580  51.1%   551 2912s
  1531  1294 2181.74695   27  173 4460.21165 2181.74695  51.1%   522 2959s
  1689  1404 3230.49333   27  119 4460.21165 2181.74695  51.1%   512 2999s
  1848  1527 2182.07459   28  202 4460.21165 2181.85898  51.1%   497 3029s
  2007  1655     cutoff   28      4460.21165 2182.07459  51.1%   490 3060s
  2191  1810 2182.09634   29  207 4460.21165 2182.07957  51.1%   475 3112s
  2424  1964     cutoff   29      4460.21165 2182.09634  51.1%   460 3145s
  2640  2152 2182.10009   30  205 4460.21165 2182.10009  51.1%   440 3194s
  2920  2310 3630.97577   30   78 4460.21165 2182.10009  51.1%   423 3247s
  3166  2468 2182.45595   31  224 4460.21165 2182.10009  51.1%   413 3298s
  3416  2623 2853.33520   31  183 4460.21165 2182.45595  51.1%   405 3346s
  3644  2749 2182.71573   32  201 4460.21165 2182.48510  51.1%   397 3377s
  3876  2935 3342.33791   32  120 4460.21165 2182.71573  51.1%   394 3415s
  4155  3185 2183.44387   33  168 4460.21165 2182.71573  51.1%   385 3448s
  4479  3423     cutoff   33      4460.21165 2183.44387  51.0%   375 3497s
  4812  3662 2183.77761   34  197 4460.21165 2183.45079  51.0%   364 3555s
  5092  3880 3205.98804   34  104 4460.21165 2183.77761  51.0%   364 3600s
* 5302  3872              49    4399.8238698 2183.77761  50.4%   363 3600s

Cutting planes:
  Clique: 14
  MIR: 1
  Zero half: 66

Explored 5357 nodes (1957957 simplex iterations) in 3600.22 seconds
Thread count was 20 (of 40 available processors)

Solution count 9: 4399.82 4460.21 4502.43 ... 26041.2

Time limit reached
Best objective 4.399823869836e+03, best bound 2.183777614093e+03, gap 50.3667%

    Variable            x 
-------------------------
x_0_0_64_5_91            1 
x_0_3_104_4_114            1 
x_0_4_114_6_122            1 
x_0_5_91_3_104            1 
x_0_6_122_7_140            1 
x_0_7_140_9_174            1 
x_0_8_182_0_221            1 
x_0_9_174_8_182            1 
x_1_0_64_2_90            1 
x_1_1_101_0_120            1 
x_1_2_90_1_101            1 
