
Gurobi 9.0.2 (linux64, Python) logging started Fri Jun 12 12:52:45 2020

Using license file /share/apps/gurobi/9.0.2/gurobi_client.lic
Set parameter TokenServer to value 10.1.1.1
Set parameter LogFile to value Gpy_s8.log
Changed value of parameter TimeLimit to 3600.0
   Prev: inf  Min: 0.0  Max: inf  Default: inf
Gurobi Optimizer version 9.0.2 build v9.0.2rc0 (linux64)
Optimize a model with 6767 rows, 603637 columns and 2676746 nonzeros
Model fingerprint: 0x88f9496b
Variable types: 0 continuous, 603637 integer (603637 binary)
Coefficient statistics:
  Matrix range     [1e+00, 3e+01]
  Objective range  [1e+02, 2e+04]
  Bounds range     [1e+00, 1e+00]
  RHS range        [1e+00, 1e+02]
Found heuristic solution: objective 33328.727868
Presolve removed 525 rows and 164548 columns (presolve time = 5s) ...
Presolve removed 525 rows and 164548 columns
Presolve time: 5.99s
Presolved: 6242 rows, 439089 columns, 2095881 nonzeros
Found heuristic solution: objective 32242.954971
Variable types: 0 continuous, 439089 integer (439089 binary)

Root simplex log...

Iteration    Objective       Primal Inf.    Dual Inf.      Time
       0    0.0000000e+00   3.400000e+01   0.000000e+00      6s
    4664    2.3908182e+03   1.351515e+02   0.000000e+00     10s
    7554    2.6151315e+03   2.441589e+01   0.000000e+00     15s
    9714    2.7341263e+03   1.740028e+02   0.000000e+00     20s
   11264    2.8089627e+03   8.167422e+01   0.000000e+00     25s
   12624    2.8521632e+03   1.656450e+01   0.000000e+00     30s
   14164    2.9537489e+03   4.052768e+01   0.000000e+00     35s
   15694    2.9899357e+03   7.031746e+00   0.000000e+00     40s
   16864    3.0143112e+03   9.550712e+01   0.000000e+00     45s
   18334    3.0368240e+03   1.218004e+02   0.000000e+00     50s
   19344    3.0451156e+03   5.016668e+01   0.000000e+00     55s
   20344    3.0546424e+03   1.722613e+01   0.000000e+00     60s
   20639    3.0557157e+03   0.000000e+00   0.000000e+00     62s

Root relaxation: objective 3.055716e+03, 20639 iterations, 55.57 seconds

    Nodes    |    Current Node    |     Objective Bounds      |     Work
 Expl Unexpl |  Obj  Depth IntInf | Incumbent    BestBd   Gap | It/Node Time

     0     0 3055.71573    0  127 32242.9550 3055.71573  90.5%     -   64s
     0     0 3061.45871    0  128 32242.9550 3061.45871  90.5%     -  172s
     0     0 3064.03296    0  151 32242.9550 3064.03296  90.5%     -  181s
     0     0 3065.94767    0  172 32242.9550 3065.94767  90.5%     -  188s
     0     0 3068.83272    0  176 32242.9550 3068.83272  90.5%     -  192s
     0     0 3068.83272    0  176 32242.9550 3068.83272  90.5%     -  204s
     0     2 3068.83272    0  176 32242.9550 3068.83272  90.5%     -  304s
     1     4 3069.66212    1  165 32242.9550 3069.66212  90.5%   200  387s
     3     8 3069.73631    2  175 32242.9550 3069.73631  90.5%  5082  449s
H    6     8                    8452.1333043 3069.73648  63.7%  3803  449s
     7    14 3070.19242    3  170 8452.13330 3070.19242  63.7%  4432  482s
    16    15 3070.20583    4  176 8452.13330 3070.20583  63.7%  2586  596s
H   17    15                    8431.2950098 3070.20583  63.6%  2434  693s
    18    15 3550.55140    4  127 8431.29501 3070.20583  63.6%  2299  706s
    19    16 4858.34985    4  170 8431.29501 3070.20583  63.6%  2178  726s
    21    17 5251.85347    4  172 8431.29501 3070.20583  63.6%  1970  742s
    22    18 3986.19432    4  147 8431.29501 3070.20583  63.6%  1881  751s
    24    19 3935.73672    4  168 8431.29501 3070.20583  63.6%  1724  760s
    25    20 3072.44875    4  193 8431.29501 3070.62019  63.6%  1655  787s
    26    21 4747.66804    4  193 8431.29501 3070.62019  63.6%  1592  794s
H   26    19                    5568.7093279 3070.62019  44.9%  1592  812s
    27    19 4858.29182    4  193 5568.70933 3070.62019  44.9%  1533  839s
    28    23 3071.38660   13  169 5568.70933 3071.38660  44.8%  2311  908s
    30    24 3074.25410   14  191 5568.70933 3074.25410  44.8%  2672  941s
    34    26 3074.59953   15  173 5568.70933 3074.59953  44.8%  2702  972s
    40    31 3075.74965   16  200 5568.70933 3074.64525  44.8%  2665 1003s
    49    41 3076.22333   17  173 5568.70933 3075.78308  44.8%  2586 1027s
    65    54 3077.82675   18  176 5568.70933 3076.22876  44.8%  2452 1088s
H   67    52                    5568.7063778 3076.22876  44.8%  2379 1088s
    85    62 3078.60440   19  176 5568.70638 3077.83446  44.7%  2287 1097s
   105    75 3379.93919   19  122 5568.70638 3078.60596  44.7%  2054 1109s
   125    92 3078.96236   20  176 5568.70638 3078.77543  44.7%  1838 1116s
   145   118 3822.96309   20  124 5568.70638 3078.98469  44.7%  1677 1141s
   178   145 3080.37943   21  163 5568.70638 3078.98469  44.7%  1477 1152s
   212   171 3386.44463   21  122 5568.70638 3080.38165  44.7%  1331 1166s
   247   203 3083.97661   22  171 5568.70638 3080.40373  44.7%  1190 1181s
   294   234 3437.18307   22  127 5568.70638 3083.98146  44.6%  1067 1195s
   337   271 3084.88650   23  148 5568.70638 3084.00539  44.6%   979 1211s
   394   303 3835.73603   23  124 5568.70638 3084.89390  44.6%   916 1230s
H  446   321                    5568.7048988 3084.89390  44.6%   869 1648s
H  450   321                    5476.1084341 3085.03010  43.7%   882 1648s
H  453   321                    5447.8608790 3085.03010  43.4%   877 1648s
H  454   321                    5273.2676749 3085.03010  41.5%   875 1648s
H  465   321                    5237.2179556 3085.03010  41.1%   871 1648s
   466   331 3829.15700   24  103 5237.21796 3085.37278  41.1%   886 1675s
   522   370 3085.73211   25  159 5237.21796 3085.73211  41.1%   845 1701s
   575   414 3086.39870   26  187 5237.21796 3086.39870  41.1%   831 1727s
   629   476 3089.59660   27  204 5237.21796 3086.43837  41.1%   814 1753s
   701   555 4738.52829   27  140 5237.21796 3089.60919  41.0%   778 1785s
   791   636 3089.83667   28  205 5237.21796 3089.83667  41.0%   733 1808s
   883   710 3090.32593   29  196 5237.21796 3090.32593  41.0%   702 1837s
   976   768 3090.88170   30  182 5237.21796 3090.88170  41.0%   677 1904s
H  986   768                    5136.5103008 3090.88752  39.8%   690 1904s
  1046   889 3094.65738   31  175 5136.51030 3094.65738  39.8%   669 1925s
  1169  1022 3094.88704   32  183 5136.51030 3094.88704  39.7%   636 1953s
  1309  1187 3095.57294   33  193 5136.51030 3095.57294  39.7%   601 1975s
  1476  1270 3095.69066   34  199 5136.51030 3095.69066  39.7%   560 2006s
  1647  1422 3097.93860   35  166 5136.51030 3097.77794  39.7%   529 2022s
  1838  1608 3416.83122   35  122 5136.51030 3097.94592  39.7%   496 2041s
  2036  1809 3098.27710   36  164 5136.51030 3098.27710  39.7%   468 2061s
  2256  2034 3098.65726   37  166 5136.51030 3098.65726  39.7%   443 2084s
  2504  2266 3098.80318   38  164 5136.51030 3098.80318  39.7%   418 2103s
  2748  2527 3099.20533   39  197 5136.51030 3099.20533  39.7%   395 2125s
  3024  2805 3099.46033   40  197 5136.51030 3099.46033  39.7%   374 2146s
  3342  3131 3099.87928   41  194 5136.51030 3099.87928  39.7%   356 2169s
  3683  3444 3100.15334   42  186 5136.51030 3100.15334  39.6%   338 2197s
  4012  3792 3103.74172   43  197 5136.51030 3103.74172  39.6%   325 2221s
  4417  4132 3104.06907   44  191 5136.51030 3104.06907  39.6%   309 2252s
  4782  4524 3104.85349   45  203 5136.51030 3104.85349  39.6%   299 2271s
  5218  4943 3105.95276   46  165 5136.51030 3105.95276  39.5%   285 2298s
  5702  5347 3106.15256   47  171 5136.51030 3106.15256  39.5%   269 2329s
  6193  5769 3106.84386   48  182 5136.51030 3106.84386  39.5%   256 2353s
  6712  6147 3107.02956   49  189 5136.51030 3107.02956  39.5%   244 2381s
  7174  6548 3107.15867   50  176 5136.51030 3107.15867  39.5%   238 2408s
  7615  7006 3107.95852   51  159 5136.51030 3107.95852  39.5%   233 2445s
  8080  7475 3107.98224   52  159 5136.51030 3107.98224  39.5%   228 2468s
  8568  8001 3108.27252   53  156 5136.51030 3108.27252  39.5%   222 2492s
  9158  8267 3109.04313   54  169 5136.51030 3109.04313  39.5%   216 2532s
  9547  8634 3109.49518   55  148 5136.51030 3109.49518  39.5%   219 2557s
  9967  9009 3110.23088   56  146 5136.51030 3109.53452  39.5%   218 2580s
 10357  9364 4303.60968   56   67 5136.51030 3110.28601  39.4%   216 2611s
 10721  9662 3111.25512   57  148 5136.51030 3111.25512  39.4%   213 2642s
 11046  9950 3111.93418   58  147 5136.51030 3111.29944  39.4%   213 2676s
 11371 10248 3764.01025   58  125 5136.51030 3111.93576  39.4%   216 2705s
 11716 10584 3112.02871   59  158 5136.51030 3111.95710  39.4%   216 2737s
 12080 11083 3770.22669   59  120 5136.51030 3112.02984  39.4%   217 2771s
 12608 11594 3112.16794   60  144 5136.51030 3112.16794  39.4%   216 2801s
 13193 12172 3112.42991   61  136 5136.51030 3112.42991  39.4%   215 2845s
 13900 12622 3112.60579   62  180 5136.51030 3112.43066  39.4%   212 2888s
 14415 12636 4685.96739   62  118 5136.51030 3112.60604  39.4%   214 3127s
H14420 12636                    5136.5101222 3112.60604  39.4%   215 3127s
H14423 12636                    5136.5099768 3112.60604  39.4%   215 3127s
 14441 13139 3113.83394   63  175 5136.50998 3112.60604  39.4%   215 3166s
 15056 13924 4352.18503   63   88 5136.50998 3113.84648  39.4%   217 3209s
 16004 14263 3774.49639   64   94 5136.50998 3114.30430  39.4%   212 3259s
 16524 14372 3848.33100   65   36 5136.50998 3114.36945  39.4%   214 3315s
 16673 14657 3114.56675   66  190 5136.50998 3114.56675  39.4%   217 3360s
 17025 14992     cutoff   67      5136.50998 3114.69875  39.4%   222 3415s
 17497 15285 3871.30763   68   37 5136.50998 3114.85874  39.4%   227 3479s
 17940 15696 3849.18746   69   87 5136.50998 3114.85943  39.4%   231 3533s
 18473 16005 3115.35549   70  153 5136.50998 3115.35549  39.3%   235 3594s
 18931 16050 4237.21978  153   46 5136.50998 3115.42665  39.3%   240 3600s

Cutting planes:
  Cover: 1
  Flow cover: 1
  Zero half: 18
  Mod-K: 5

Explored 18982 nodes (4573303 simplex iterations) in 3600.12 seconds
Thread count was 20 (of 40 available processors)

Solution count 10: 5136.51 5237.22 5273.27 ... 33328.7

Time limit reached
Best objective 5.136509975509e+03, best bound 3.115426647396e+03, gap 39.3474%

    Variable            x 
-------------------------
x_0_0_64_4_92            1 
x_0_1_166_0_188            1 
x_0_2_143_3_152            1 
x_0_3_152_1_166            1 
x_0_4_92_6_110            1 
x_0_5_122_2_143            1 
x_0_6_110_5_122            1 
x_1_0_64_8_96            1 
x_1_7_109_10_127            1 
x_1_8_96_7_109            1 
x_1_9_137_11_151            1 
x_1_10_127_9_137            1 
x_1_11_151_0_200            1 
